Microsoft (R) Macro Assembler Version 6.14.8444		    05/19/19 21:45:37
c:\asm/task1.asm					     Page 1 - 1


				include console.inc 
			      C .NOLIST
			      C .LIST
			      C ; Исключение из списка служебных слов
			      C option NoKeyWord: <c name str>
			      C 
			      C 
			      C 
			      C ;include masm32.inc
			      C 
			      C    includelib masm32.lib
			      C    includelib user32.lib
			      C    includelib kernel32.lib
			      C    includelib msvcrt.lib
			      C    includelib io_proc.lib
			      C    
			      C 
 00000019			.data
 = 00000005			        L equ 5
 = 0000009B			        R equ 155
 00000019  00000013 [		        S db (R-L)/8+1 dup(0)
	    00
	   ]
 00000000			.code 
 00000000			start:  clrscr
				        ConsoleTitle 'Sidorov Leonid (gr. 112) task 4 (block 5)'
 00000042  BB 00000000		        mov EBX, 0
 00000047  8D 35 00000019 R	        lea ESI, S
 0000004D			H:      
				        inchar AL
 00000088  3C 2B		        cmp AL, "+"
 0000008A  75 1A		        jNE next1

				        inint BL
 0000009A  80 EB 05		        sub BL, L
 0000009D  03 F3		        add ESI, EBX 
 0000009F  C6 06 01		        mov byte ptr [ESI], 1
 000000A2  2B F3		        sub ESI, EBX
 000000A4  EB A7		        jmp H 

 000000A6  3C 2D		next1:  cmp AL, "-"
 000000A8  75 1A		        jNE next3

				        inint BL
 000000B8  80 EB 05		        sub BL, L
 000000BB  03 F3		        add ESI, EBX 
 000000BD  C6 06 00		        mov byte ptr [ESI], 0
 000000C0  2B F3		        sub ESI, EBX
 000000C2  EB 89		        jmp H

 000000C4  3C 3F		next3:  cmp AL, "?"
 000000C6  0F 85 000001FE	        jNE next4

				        inint BL
 000000DA  80 EB 05		        sub BL, L
 000000DD  03 F3		        add ESI, EBX 
 000000DF  80 3E 00		        cmp byte ptr [ESI], 0
 000000E2  0F 85 000000F0	        jNE skip 
				        outstrln "NO"
 000001D3  E9 000000EB		        jmp @F
 000001D8			skip:   outstrln "YES"
 000002C3  2B F3		@@:     sub ESI, EBX
 000002C5  E9 FFFFFD83		        jmp H

 000002CA  3C 3D		next4:  cmp AL, "="
 000002CC  0F 85 000000E6	        jNE next5

 000002D2  B2 00		        mov DL, 0
 000002D4  B9 00000013		        mov ECX, (R-L)/8+1
 000002D9  02 16		LL:     add DL, [ESI]
 000002DB  83 C6 01		        add ESI, 1
 000002DE  E2 F9		        loop LL 
 000002E0  83 EE 13		        sub ESI, (R-L)/8+1
				        outwordln DL
 000003B3  E9 FFFFFC95		        jmp H

 000003B8  3C 3A		next5:  cmp AL, ":"
 000003BA  0F 85 00000121	        jNE next6
				        
 000003C0  B2 05		        mov DL, L
 000003C2  B9 00000013		        mov ECX, (R-L)/8+1
 000003C7  80 3E 00		LLL:    cmp byte ptr [ESI], 0
 000003CA  74 4F		        jE @F
				        outword DL,, " "
 0000041B  83 C6 01		@@:     add ESI, 1
 0000041E  80 C2 01		        add DL, 1
 00000421  E2 A4		        loop LLL
 00000423  83 EE 13		        sub ESI, (R-L)/8+1
				        newline
 000004DC  E9 FFFFFB6C		        jmp H

 000004E1			next6:  

				        pause

				        exit
				end start
Microsoft (R) Macro Assembler Version 6.14.8444		    05/19/19 21:45:37
c:\asm/task1.asm					     Symbols 2 - 1




Macros:

                N a m e                 Type

??CheckStrToBuf  . . . . . . . .	Proc
??FindESP  . . . . . . . . . . .	Proc
??RestoreReg . . . . . . . . . .	Proc
??SaveReg  . . . . . . . . . . .	Proc
@Random  . . . . . . . . . . . .	Func
@inchar  . . . . . . . . . . . .	Func
@inintln . . . . . . . . . . . .	Func
@inint . . . . . . . . . . . . .	Func
@readkey . . . . . . . . . . . .	Func
ChagePageAttr  . . . . . . . . .	Proc
ClrScr . . . . . . . . . . . . .	Proc
ConsoleMode  . . . . . . . . . .	Proc
ConsoleTitle . . . . . . . . . .	Proc
DOS  . . . . . . . . . . . . . .	Func
DownloadFile . . . . . . . . . .	Proc
GetConsoleTitle  . . . . . . . .	Proc
HeapBlockSize  . . . . . . . . .	Proc
InputStr . . . . . . . . . . . .	Proc
MsgBox . . . . . . . . . . . . .	Proc
NewConsole . . . . . . . . . . .	Proc
OpenFile . . . . . . . . . . . .	Proc
OutFlags . . . . . . . . . . . .	Proc
Randomize  . . . . . . . . . . .	Proc
RunExe . . . . . . . . . . . . .	Proc
SetScreenSize  . . . . . . . . .	Proc
SetTextAttr  . . . . . . . . . .	Proc
TotalHeapAllocated . . . . . . .	Proc
WhereX . . . . . . . . . . . . .	Proc
WhereY . . . . . . . . . . . . .	Proc
dispose  . . . . . . . . . . . .	Proc
exit . . . . . . . . . . . . . .	Proc
flush  . . . . . . . . . . . . .	Proc
gotoXY . . . . . . . . . . . . .	Proc
inchar . . . . . . . . . . . . .	Proc
inintln  . . . . . . . . . . . .	Proc
inint  . . . . . . . . . . . . .	Proc
newline  . . . . . . . . . . . .	Proc
new  . . . . . . . . . . . . . .	Proc
outcharln  . . . . . . . . . . .	Proc
outchar  . . . . . . . . . . . .	Proc
outdateln  . . . . . . . . . . .	Proc
outdate  . . . . . . . . . . . .	Proc
outintln . . . . . . . . . . . .	Proc
outint . . . . . . . . . . . . .	Proc
outnumln . . . . . . . . . . . .	Proc
outnum . . . . . . . . . . . . .	Proc
outstrln . . . . . . . . . . . .	Proc
outstr . . . . . . . . . . . . .	Proc
outtimeln  . . . . . . . . . . .	Proc
outtime  . . . . . . . . . . . .	Proc
outwordln  . . . . . . . . . . .	Proc
outword  . . . . . . . . . . . .	Proc
pause  . . . . . . . . . . . . .	Proc
readkey  . . . . . . . . . . . .	Proc


Structures and Unions:

                N a m e                  Size
                                         Offset      Type

CONSOLE_SCREEN_BUFFER_INFO . . .	 00000016
  dwSize . . . . . . . . . . . .	 00000000	 DWord
  dwCursorPosition . . . . . . .	 00000004	 DWord
  wAttributes  . . . . . . . . .	 00000008	 Word
  srWindow . . . . . . . . . . .	 0000000A	 QWord
  dwMaximumWindowSize  . . . . .	 00000012	 DWord
COORD  . . . . . . . . . . . . .	 00000004
  x  . . . . . . . . . . . . . .	 00000000	 Word
  y  . . . . . . . . . . . . . .	 00000002	 Word
SMALL_RECT . . . . . . . . . . .	 00000008
  Left . . . . . . . . . . . . .	 00000000	 Word
  Top  . . . . . . . . . . . . .	 00000002	 Word
  Right  . . . . . . . . . . . .	 00000004	 Word
  Bottom . . . . . . . . . . . .	 00000006	 Word
SystemTime . . . . . . . . . . .	 00000010
  wYear  . . . . . . . . . . . .	 00000000	 Word
  wMonth . . . . . . . . . . . .	 00000002	 Word
  wDayOfWeek . . . . . . . . . .	 00000004	 Word
  wDay . . . . . . . . . . . . .	 00000006	 Word
  wHour  . . . . . . . . . . . .	 00000008	 Word
  wMinute  . . . . . . . . . . .	 0000000A	 Word
  wSecond  . . . . . . . . . . .	 0000000C	 Word
  wMilliseconds  . . . . . . . .	 0000000E	 Word


Types:

                N a m e                  Size     Attr

c_msvcrt . . . . . . . . . . . .	 00000004     CODE 


Segments and Groups:

                N a m e                 Size     Length   Align   Combine Class

FLAT . . . . . . . . . . . . . .	GROUP
STACK  . . . . . . . . . . . . .	32 Bit	 00001000 Para	  Stack	  'STACK'	 
_DATA  . . . . . . . . . . . . .	32 Bit	 00000865 Para	  Public  'DATA'	
_TEXT  . . . . . . . . . . . . .	32 Bit	 000005AC Para	  Public  'CODE'	


Procedures,  parameters and locals:

                N a m e                 Type     Value    Attr

CharToOemA . . . . . . . . . . .	P Near	 00000000 FLAT	Length= 00000000 External STDCALL
ClearScreen  . . . . . . . . . .	P Near	 00000000 FLAT	Length= 00000000 External STDCALL
CloseHandle  . . . . . . . . . .	P Near	 00000000 FLAT	Length= 00000000 External STDCALL
CreateFileA  . . . . . . . . . .	P Near	 00000000 FLAT	Length= 00000000 External STDCALL
ExitProcess  . . . . . . . . . .	P Near	 00000000 FLAT	Length= 00000000 External STDCALL
GetCommandLineA  . . . . . . . .	P Near	 00000000 FLAT	Length= 00000000 External STDCALL
GetConsoleScreenBufferInfo . . .	P Near	 00000000 FLAT	Length= 00000000 External STDCALL
GetConsoleTitleA . . . . . . . .	P Near	 00000000 FLAT	Length= 00000000 External STDCALL
GetModuleHandleA . . . . . . . .	P Near	 00000000 FLAT	Length= 00000000 External STDCALL
GetStdHandle . . . . . . . . . .	P Near	 00000000 FLAT	Length= 00000000 External STDCALL
GetSystemMetrics . . . . . . . .	P Near	 00000000 FLAT	Length= 00000000 External STDCALL
GetSystemTime  . . . . . . . . .	P Near	 00000000 FLAT	Length= 00000000 External STDCALL
GetTickCount . . . . . . . . . .	P Near	 00000000 FLAT	Length= 00000000 External STDCALL
GlobalAlloc  . . . . . . . . . .	P Near	 00000000 FLAT	Length= 00000000 External STDCALL
GlobalFree . . . . . . . . . . .	P Near	 00000000 FLAT	Length= 00000000 External STDCALL
GlobalSize . . . . . . . . . . .	P Near	 00000000 FLAT	Length= 00000000 External STDCALL
InternetGetConnectedState  . . .	P Near	 00000000 FLAT	Length= 00000000 External STDCALL
MessageBoxA  . . . . . . . . . .	P Near	 00000000 FLAT	Length= 00000000 External STDCALL
MessageBoxIndirectA  . . . . . .	P Near	 00000000 FLAT	Length= 00000000 External STDCALL
SetConsoleCursorPosition . . . .	P Near	 00000000 FLAT	Length= 00000000 External STDCALL
SetConsoleScreenBufferSize . . .	P Near	 00000000 FLAT	Length= 00000000 External STDCALL
SetConsoleTextAttribute  . . . .	P Near	 00000000 FLAT	Length= 00000000 External STDCALL
SetConsoleTitleA . . . . . . . .	P Near	 00000000 FLAT	Length= 00000000 External STDCALL
Sleep  . . . . . . . . . . . . .	P Near	 00000000 FLAT	Length= 00000000 External STDCALL
StdIn  . . . . . . . . . . . . .	P Near	 00000000 FLAT	Length= 00000000 External STDCALL
StdOut . . . . . . . . . . . . .	P Near	 00000000 FLAT	Length= 00000000 External STDCALL
URLDownloadToFileA . . . . . . .	P Near	 00000000 FLAT	Length= 00000000 External STDCALL
VirtualProtect . . . . . . . . .	P Near	 00000000 FLAT	Length= 00000000 External STDCALL
nrandom  . . . . . . . . . . . .	P Near	 00000000 FLAT	Length= 00000000 External STDCALL
nseed  . . . . . . . . . . . . .	P Near	 00000000 FLAT	Length= 00000000 External STDCALL
shell_ex . . . . . . . . . . . .	P Near	 00000000 FLAT	Length= 00000000 External STDCALL
shell  . . . . . . . . . . . . .	P Near	 00000000 FLAT	Length= 00000000 External STDCALL
wait_key . . . . . . . . . . . .	P Near	 00000000 FLAT	Length= 00000000 External STDCALL


Symbols:

                N a m e                 Type     Value    Attr

??0000 . . . . . . . . . . . . .	Byte	 0000002D _DATA	
??0001 . . . . . . . . . . . . .	Text   	 "
??0002 . . . . . . . . . . . . .	Byte	 0000002C _DATA	
??0004 . . . . . . . . . . . . .	L Near	 00000038 _TEXT	
??0005 . . . . . . . . . . . . .	Number	 00000001h   
??0006 . . . . . . . . . . . . .	Byte	 00000057 _DATA	
??0007 . . . . . . . . . . . . .	L Near	 00000058 _TEXT	
??0008 . . . . . . . . . . . . .	Number	 00000001h   
??0009 . . . . . . . . . . . . .	DWord	 00000059 _DATA	
??000A . . . . . . . . . . . . .	Number	 00000001h   
??000B . . . . . . . . . . . . .	DWord	 0000005D _DATA	
??000C . . . . . . . . . . . . .	Number	 00000001h   
??000D . . . . . . . . . . . . .	DWord	 00000061 _DATA	
??000E . . . . . . . . . . . . .	Byte	 00000066 _DATA	
??000F . . . . . . . . . . . . .	Text   	 "
??0010 . . . . . . . . . . . . .	Byte	 00000065 _DATA	
??0012 . . . . . . . . . . . . .	L Near	 00000113 _TEXT	
??0013 . . . . . . . . . . . . .	Number	 00000000h   
??0014 . . . . . . . . . . . . .	Byte	 00000069 _DATA	
??0016 . . . . . . . . . . . . .	Byte	 0000006C _DATA	
??0017 . . . . . . . . . . . . .	Text   	 o
??0018 . . . . . . . . . . . . .	Byte	 0000006B _DATA	
??0019 . . . . . . . . . . . . .	L Near	 00000138 _TEXT	
??001A . . . . . . . . . . . . .	L Near	 0000016E _TEXT	
??001B . . . . . . . . . . . . .	Number	 00000000h   
??001C . . . . . . . . . . . . .	Byte	 00000134 _DATA	
??001E . . . . . . . . . . . . .	Byte	 00000137 _DATA	
??001F . . . . . . . . . . . . .	Text   	 o
??0020 . . . . . . . . . . . . .	Byte	 00000136 _DATA	
??0021 . . . . . . . . . . . . .	L Near	 00000193 _TEXT	
??0022 . . . . . . . . . . . . .	L Near	 000001C9 _TEXT	
??0023 . . . . . . . . . . . . .	Byte	 00000200 _DATA	
??0024 . . . . . . . . . . . . .	Text   	 "
??0025 . . . . . . . . . . . . .	Byte	 000001FF _DATA	
??0027 . . . . . . . . . . . . .	L Near	 00000203 _TEXT	
??0028 . . . . . . . . . . . . .	Number	 00000000h   
??0029 . . . . . . . . . . . . .	Byte	 00000204 _DATA	
??002B . . . . . . . . . . . . .	Byte	 00000207 _DATA	
??002C . . . . . . . . . . . . .	Text   	 o
??002D . . . . . . . . . . . . .	Byte	 00000206 _DATA	
??002E . . . . . . . . . . . . .	L Near	 00000228 _TEXT	
??002F . . . . . . . . . . . . .	L Near	 0000025E _TEXT	
??0030 . . . . . . . . . . . . .	Number	 00000000h   
??0031 . . . . . . . . . . . . .	Byte	 000002CF _DATA	
??0033 . . . . . . . . . . . . .	Byte	 000002D2 _DATA	
??0034 . . . . . . . . . . . . .	Text   	 o
??0035 . . . . . . . . . . . . .	Byte	 000002D1 _DATA	
??0036 . . . . . . . . . . . . .	L Near	 00000283 _TEXT	
??0037 . . . . . . . . . . . . .	L Near	 000002B9 _TEXT	
??0038 . . . . . . . . . . . . .	Number	 00000000h   
??0039 . . . . . . . . . . . . .	Number	 00000001h   
??003A . . . . . . . . . . . . .	Number	 00000000h   
??003B . . . . . . . . . . . . .	Byte	 0000039A _DATA	
??0043 . . . . . . . . . . . . .	Number	 00000001h   
??0045 . . . . . . . . . . . . .	Number	 00000000h   
??0046 . . . . . . . . . . . . .	Byte	 0000039D _DATA	
??0048 . . . . . . . . . . . . .	Byte	 000003A0 _DATA	
??0049 . . . . . . . . . . . . .	Text   	 o
??004A . . . . . . . . . . . . .	Byte	 0000039F _DATA	
??004B . . . . . . . . . . . . .	L Near	 00000318 _TEXT	
??004C . . . . . . . . . . . . .	L Near	 0000034E _TEXT	
??004D . . . . . . . . . . . . .	Number	 00000000h   
??004E . . . . . . . . . . . . .	Byte	 00000468 _DATA	
??0050 . . . . . . . . . . . . .	Byte	 0000046B _DATA	
??0051 . . . . . . . . . . . . .	Text   	 o
??0052 . . . . . . . . . . . . .	Byte	 0000046A _DATA	
??0053 . . . . . . . . . . . . .	L Near	 00000373 _TEXT	
??0054 . . . . . . . . . . . . .	L Near	 000003A9 _TEXT	
??0055 . . . . . . . . . . . . .	Number	 00000000h   
??0056 . . . . . . . . . . . . .	Number	 00000001h   
??0057 . . . . . . . . . . . . .	Number	 00000000h   
??0058 . . . . . . . . . . . . .	Byte	 00000536 _DATA	
??0060 . . . . . . . . . . . . .	Number	 00000001h   
??0062 . . . . . . . . . . . . .	Byte	 00000534 _DATA	
??0063 . . . . . . . . . . . . .	Text   	 "
??0064 . . . . . . . . . . . . .	Byte	 00000533 _DATA	
??0066 . . . . . . . . . . . . .	L Near	 000003F7 _TEXT	
??0067 . . . . . . . . . . . . .	Number	 00000000h   
??0068 . . . . . . . . . . . . .	Byte	 00000539 _DATA	
??006A . . . . . . . . . . . . .	Byte	 0000053C _DATA	
??006B . . . . . . . . . . . . .	Text   	 o
??006C . . . . . . . . . . . . .	Byte	 0000053B _DATA	
??006D . . . . . . . . . . . . .	L Near	 00000441 _TEXT	
??006E . . . . . . . . . . . . .	L Near	 00000477 _TEXT	
??006F . . . . . . . . . . . . .	Number	 00000000h   
??0070 . . . . . . . . . . . . .	Byte	 00000604 _DATA	
??0072 . . . . . . . . . . . . .	Byte	 00000607 _DATA	
??0073 . . . . . . . . . . . . .	Text   	 o
??0074 . . . . . . . . . . . . .	Byte	 00000606 _DATA	
??0075 . . . . . . . . . . . . .	L Near	 0000049C _TEXT	
??0076 . . . . . . . . . . . . .	L Near	 000004D2 _TEXT	
??0077 . . . . . . . . . . . . .	Number	 00000000h   
??0078 . . . . . . . . . . . . .	Byte	 000006CF _DATA	
??007A . . . . . . . . . . . . .	Byte	 000006D2 _DATA	
??007B . . . . . . . . . . . . .	Text   	 o
??007C . . . . . . . . . . . . .	Byte	 000006D1 _DATA	
??007D . . . . . . . . . . . . .	L Near	 00000509 _TEXT	
??007E . . . . . . . . . . . . .	L Near	 0000053F _TEXT	
??007F . . . . . . . . . . . . .	Number	 00000000h   
??0080 . . . . . . . . . . . . .	Byte	 0000079A _DATA	
??0082 . . . . . . . . . . . . .	Byte	 0000079D _DATA	
??0083 . . . . . . . . . . . . .	Text   	 o
??0084 . . . . . . . . . . . . .	Byte	 0000079C _DATA	
??0085 . . . . . . . . . . . . .	L Near	 00000564 _TEXT	
??0086 . . . . . . . . . . . . .	L Near	 0000059A _TEXT	
??CommonHeapElemSize . . . . . .	DWord	 00000004 _DATA	
??ConsoleMode  . . . . . . . . .	Byte	 00000008 _DATA	
??TotalHeapAllocated . . . . . .	DWord	 00000000 _DATA	
??sTime  . . . . . . . . . . . .	SystemTime  00000009 _DATA	
@CodeSize  . . . . . . . . . . .	Number	 00000000h   
@DOS . . . . . . . . . . . . . .	Text   	 DOS
@DataSize  . . . . . . . . . . .	Number	 00000000h   
@INCHAR  . . . . . . . . . . . .	Text   	 @inchar
@ININTLN . . . . . . . . . . . .	Text   	 @inintln
@ININT . . . . . . . . . . . . .	Text   	 @inint
@InChar  . . . . . . . . . . . .	Text   	 @inchar
@InInt . . . . . . . . . . . . .	Text   	 @inint
@Inchar  . . . . . . . . . . . .	Text   	 @inchar
@InintLn . . . . . . . . . . . .	Text   	 @inintln
@Inintln . . . . . . . . . . . .	Text   	 @inintln
@Inint . . . . . . . . . . . . .	Text   	 @inint
@Interface . . . . . . . . . . .	Number	 00000003h   
@Model . . . . . . . . . . . . .	Number	 00000007h   
@READKEY . . . . . . . . . . . .	Text   	 @readkey
@ReadKey . . . . . . . . . . . .	Text   	 @readkey
@code  . . . . . . . . . . . . .	Text   	 _TEXT
@data  . . . . . . . . . . . . .	Text   	 FLAT
@dos . . . . . . . . . . . . . .	Text   	 DOS
@fardata?  . . . . . . . . . . .	Text   	 FLAT
@fardata . . . . . . . . . . . .	Text   	 FLAT
@random  . . . . . . . . . . . .	Text   	 @Random
@stack . . . . . . . . . . . . .	Text   	 FLAT
AllocConsole@0 . . . . . . . . .	L Near	 00000000 FLAT	External STDCALL
Black  . . . . . . . . . . . . .	Number	 00000000h   
Blue . . . . . . . . . . . . . .	Number	 00000001h   
Bright . . . . . . . . . . . . .	Number	 00000008h   
Brown  . . . . . . . . . . . . .	Number	 00000006h   
CLRSCR . . . . . . . . . . . . .	Text   	 ClrScr
CREATE_ALWAYS  . . . . . . . . .	Number	 00000002h   
CREATE_NEW . . . . . . . . . . .	Number	 00000001h   
CharToOem  . . . . . . . . . . .	Text   	 CharToOemA
Cls  . . . . . . . . . . . . . .	Text   	 ClrScr
CreateFile . . . . . . . . . . .	Text   	 CreateFileA
Cyan . . . . . . . . . . . . . .	Number	 00000003h   
DISPOSE  . . . . . . . . . . . .	Text   	 dispose
DarkGray . . . . . . . . . . . .	Number	 00000008h   
Dispose  . . . . . . . . . . . .	Text   	 dispose
EXIT . . . . . . . . . . . . . .	Text   	 exit
Exit . . . . . . . . . . . . . .	Text   	 exit
FILE_ATTRIBUTE_ARCHIVE . . . . .	Number	 00000020h   
FILE_ATTRIBUTE_COMPRESSED  . . .	Number	 00000800h   
FILE_ATTRIBUTE_DIRECTORY . . . .	Number	 00000010h   
FILE_ATTRIBUTE_HIDDEN  . . . . .	Number	 00000002h   
FILE_ATTRIBUTE_NORMAL  . . . . .	Number	 00000080h   
FILE_ATTRIBUTE_READONLY  . . . .	Number	 00000001h   
FILE_ATTRIBUTE_SYSTEM  . . . . .	Number	 00000004h   
FILE_ATTRIBUTE_TEMPORARY . . . .	Number	 00000100h   
FLUSH  . . . . . . . . . . . . .	Text   	 flush
Flush  . . . . . . . . . . . . .	Text   	 flush
FreeConsole@0  . . . . . . . . .	L Near	 00000000 FLAT	External STDCALL
GENERIC_ALL  . . . . . . . . . .	Number	 10000000h   
GENERIC_EXECUTE  . . . . . . . .	Number	 20000000h   
GENERIC_READ . . . . . . . . . .	Number	 -80000000h   
GENERIC_WRITE  . . . . . . . . .	Number	 40000000h   
GMEM_FIXED . . . . . . . . . . .	Number	 00000000h   
GMEM_ZEROINIT  . . . . . . . . .	Number	 00000040h   
GOTOXY . . . . . . . . . . . . .	Text   	 gotoXY
GetCommandLine . . . . . . . . .	Text   	 GetCommandLineA
GetModuleHandle  . . . . . . . .	Text   	 GetModuleHandleA
GotoXY . . . . . . . . . . . . .	Text   	 gotoXY
Green  . . . . . . . . . . . . .	Number	 00000002h   
H  . . . . . . . . . . . . . . .	L Near	 0000004D _TEXT	
IDABORT  . . . . . . . . . . . .	Number	 00000003h   
IDCANCEL . . . . . . . . . . . .	Number	 00000002h   
IDIGNORE . . . . . . . . . . . .	Number	 00000005h   
IDNO . . . . . . . . . . . . . .	Number	 00000007h   
IDOK . . . . . . . . . . . . . .	Number	 00000001h   
IDRETRY  . . . . . . . . . . . .	Number	 00000004h   
IDYES  . . . . . . . . . . . . .	Number	 00000006h   
INCHAR . . . . . . . . . . . . .	Text   	 inchar
ININTLN  . . . . . . . . . . . .	Text   	 inintln
ININT  . . . . . . . . . . . . .	Text   	 inint
INPUTSTR . . . . . . . . . . . .	Text   	 InputStr
InChar . . . . . . . . . . . . .	Text   	 inchar
InInt  . . . . . . . . . . . . .	Text   	 inint
Inchar . . . . . . . . . . . . .	Text   	 inchar
InintLn  . . . . . . . . . . . .	Text   	 inintln
Inintln  . . . . . . . . . . . .	Text   	 inintln
Inint  . . . . . . . . . . . . .	Text   	 inint
LANG_NEUTRAL . . . . . . . . . .	Number	 00000000h   
LLL  . . . . . . . . . . . . . .	L Near	 000003C7 _TEXT	
LL . . . . . . . . . . . . . . .	L Near	 000002D9 _TEXT	
LightBlue  . . . . . . . . . . .	Number	 00000009h   
LightGray  . . . . . . . . . . .	Number	 00000007h   
LightGreen . . . . . . . . . . .	Number	 0000000Ah   
LightMagenta . . . . . . . . . .	Number	 0000000Dh   
LightRed . . . . . . . . . . . .	Number	 0000000Ch   
L  . . . . . . . . . . . . . . .	Number	 00000005h   
MB_ABORTRETRYIGNORE  . . . . . .	Number	 00000002h   
MB_CANCELTRYCONTINUE . . . . . .	Number	 00000006h   
MB_DEFBUTTON1  . . . . . . . . .	Number	 00000000h   
MB_DEFBUTTON2  . . . . . . . . .	Number	 00000100h   
MB_DEFBUTTON3  . . . . . . . . .	Number	 00000200h   
MB_DEFBUTTON4  . . . . . . . . .	Number	 00000300h   
MB_HELP  . . . . . . . . . . . .	Number	 00004000h   
MB_ICONASTERISK  . . . . . . . .	Number	 00000040h   
MB_ICONEXCLAMATION . . . . . . .	Number	 00000030h   
MB_ICONHAND  . . . . . . . . . .	Number	 00000008h   
MB_ICONQUESTION  . . . . . . . .	Number	 00000020h   
MB_ICONSTOP  . . . . . . . . . .	Number	 00000010h   
MB_OKCANCEL  . . . . . . . . . .	Number	 00000001h   
MB_OK  . . . . . . . . . . . . .	Number	 00000000h   
MB_RETRYCANCEL . . . . . . . . .	Number	 00000005h   
MB_RIGHT . . . . . . . . . . . .	Number	 00080000h   
MB_SYSTEMMODAL . . . . . . . . .	Number	 00001000h   
MB_USERICON  . . . . . . . . . .	Number	 00000080h   
MB_YESNOCANCEL . . . . . . . . .	Number	 00000003h   
MB_YESNO . . . . . . . . . . . .	Number	 00000004h   
MSGBOX . . . . . . . . . . . . .	Text   	 MsgBox
Magenta  . . . . . . . . . . . .	Number	 00000005h   
MessageBoxIndirect . . . . . . .	Text   	 MessageBoxIndirectA
MessageBox . . . . . . . . . . .	Text   	 MessageBoxA
NEWLINE  . . . . . . . . . . . .	Text   	 newline
NEW  . . . . . . . . . . . . . .	Text   	 new
NULL . . . . . . . . . . . . . .	Number	 00000000h   
NewLine  . . . . . . . . . . . .	Text   	 newline
Newline  . . . . . . . . . . . .	Text   	 newline
New  . . . . . . . . . . . . . .	Text   	 new
OPEN_ALWAYS  . . . . . . . . . .	Number	 00000004h   
OPEN_EXISTING  . . . . . . . . .	Number	 00000003h   
OUTCHARLN  . . . . . . . . . . .	Text   	 outcharln
OUTCHAR  . . . . . . . . . . . .	Text   	 outchar
OUTCLN . . . . . . . . . . . . .	Text   	 outcharln
OUTC . . . . . . . . . . . . . .	Text   	 outchar
OUTDATELN  . . . . . . . . . . .	Text   	 outdateln
OUTDATE  . . . . . . . . . . . .	Text   	 outdate
OUTINTLN . . . . . . . . . . . .	Text   	 outintln
OUTINT . . . . . . . . . . . . .	Text   	 outint
OUTI . . . . . . . . . . . . . .	Text   	 outint
OUTSTRLN . . . . . . . . . . . .	Text   	 outstrln
OUTSTR . . . . . . . . . . . . .	Text   	 outstr
OUTTIMELN  . . . . . . . . . . .	Text   	 outtimeln
OUTTIME  . . . . . . . . . . . .	Text   	 outtime
OUTWORDLN  . . . . . . . . . . .	Text   	 outwordln
OUTWORD  . . . . . . . . . . . .	Text   	 outword
OutCharLn  . . . . . . . . . . .	Text   	 outcharln
OutCharln  . . . . . . . . . . .	Text   	 outcharln
OutChar  . . . . . . . . . . . .	Text   	 outchar
OutDateLn  . . . . . . . . . . .	Text   	 outdateln
OutDateln  . . . . . . . . . . .	Text   	 outdateln
OutDate  . . . . . . . . . . . .	Text   	 outdate
OutILn . . . . . . . . . . . . .	Text   	 outintln
OutIln . . . . . . . . . . . . .	Text   	 outintln
OutIntLn . . . . . . . . . . . .	Text   	 outintln
OutInt . . . . . . . . . . . . .	Text   	 outint
OutI . . . . . . . . . . . . . .	Text   	 outint
OutNumLn . . . . . . . . . . . .	Text   	 outnumln
OutNumln . . . . . . . . . . . .	Text   	 outnumln
OutNum . . . . . . . . . . . . .	Text   	 outnum
OutStrLn . . . . . . . . . . . .	Text   	 outstrln
OutStr . . . . . . . . . . . . .	Text   	 outstr
OutTimeLn  . . . . . . . . . . .	Text   	 outtimeln
OutTimeln  . . . . . . . . . . .	Text   	 outtimeln
OutTime  . . . . . . . . . . . .	Text   	 outtime
OutULn . . . . . . . . . . . . .	Text   	 outwordln
OutUln . . . . . . . . . . . . .	Text   	 outwordln
OutUnsignedLn  . . . . . . . . .	Text   	 outwordln
OutUnsignedln  . . . . . . . . .	Text   	 outwordln
OutUnsigned  . . . . . . . . . .	Text   	 outword
OutU . . . . . . . . . . . . . .	Text   	 outword
OutWordLn  . . . . . . . . . . .	Text   	 outwordln
OutWord  . . . . . . . . . . . .	Text   	 outword
OutintLn . . . . . . . . . . . .	Text   	 outintln
Outintln . . . . . . . . . . . .	Text   	 outintln
Outint . . . . . . . . . . . . .	Text   	 outint
OutstrLn . . . . . . . . . . . .	Text   	 outstrln
OutwordLn  . . . . . . . . . . .	Text   	 outwordln
Outword  . . . . . . . . . . . .	Text   	 outword
PAGE_EXECUTE_READWRITE . . . . .	Number	 00000040h   
PAGE_EXECUTE_READ  . . . . . . .	Number	 00000020h   
PAGE_EXECUTE_WRITECOPY . . . . .	Number	 00000080h   
PAGE_EXECUTE . . . . . . . . . .	Number	 00000010h   
PAGE_NOACCESS  . . . . . . . . .	Number	 00000001h   
PAGE_READONLY  . . . . . . . . .	Number	 00000002h   
PAGE_READWRITE . . . . . . . . .	Number	 00000004h   
PAGE_WRITECOPY . . . . . . . . .	Number	 00000008h   
PAUSE  . . . . . . . . . . . . .	Text   	 pause
Pause  . . . . . . . . . . . . .	Text   	 pause
READKEY  . . . . . . . . . . . .	Text   	 readkey
ReadKey  . . . . . . . . . . . .	Text   	 readkey
Red  . . . . . . . . . . . . . .	Number	 00000004h   
R  . . . . . . . . . . . . . . .	Number	 0000009Bh   
STD_ERROR_HANDLE . . . . . . . .	Number	 -0000000Ch   
STD_INPUT_HANDLE . . . . . . . .	Number	 -0000000Ah   
STD_OUTPUT_HANDLE  . . . . . . .	Number	 -0000000Bh   
SetConsoleTitle  . . . . . . . .	Text   	 SetConsoleTitleA
S  . . . . . . . . . . . . . . .	Byte	 00000019 _DATA	
TRUNCATE_EXISTING  . . . . . . .	Number	 00000005h   
URLDownloadToFile  . . . . . . .	Text   	 URLDownloadToFileA
White  . . . . . . . . . . . . .	Number	 0000000Fh   
Yellow . . . . . . . . . . . . .	Number	 0000000Eh   
_imp__printf . . . . . . . . . .	DWord	 00000000 FLAT	External STDCALL
_imp__sprintf  . . . . . . . . .	DWord	 00000000 FLAT	External STDCALL
black  . . . . . . . . . . . . .	Number	 00000000h   
blue . . . . . . . . . . . . . .	Number	 00000001h   
bright . . . . . . . . . . . . .	Number	 00000008h   
brown  . . . . . . . . . . . . .	Number	 00000006h   
clrscr . . . . . . . . . . . . .	Text   	 ClrScr
crt_printf . . . . . . . . . . .	Text   	 _imp__printf
crt_sprintf  . . . . . . . . . .	Text   	 _imp__sprintf
cyan . . . . . . . . . . . . . .	Number	 00000003h   
darkgray . . . . . . . . . . . .	Number	 00000008h   
dos  . . . . . . . . . . . . . .	Text   	 DOS
downloadfile . . . . . . . . . .	Text   	 DownloadFile
gotoxy . . . . . . . . . . . . .	Text   	 gotoXY
green  . . . . . . . . . . . . .	Number	 00000002h   
heapblocksize  . . . . . . . . .	Text   	 HeapBlockSize
inint_proc@0 . . . . . . . . . .	L Near	 00000000 FLAT	External STDCALL
inputstr . . . . . . . . . . . .	Text   	 InputStr
lightblue  . . . . . . . . . . .	Number	 00000009h   
lightgray  . . . . . . . . . . .	Number	 00000007h   
lightgreen . . . . . . . . . . .	Number	 0000000Ah   
lightmagenta . . . . . . . . . .	Number	 0000000Dh   
lightred . . . . . . . . . . . .	Number	 0000000Ch   
magenta  . . . . . . . . . . . .	Number	 00000005h   
msgbox . . . . . . . . . . . . .	Text   	 MsgBox
next1  . . . . . . . . . . . . .	L Near	 000000A6 _TEXT	
next3  . . . . . . . . . . . . .	L Near	 000000C4 _TEXT	
next4  . . . . . . . . . . . . .	L Near	 000002CA _TEXT	
next5  . . . . . . . . . . . . .	L Near	 000003B8 _TEXT	
next6  . . . . . . . . . . . . .	L Near	 000004E1 _TEXT	
nil  . . . . . . . . . . . . . .	DWord 	 00000000h   
outintLn . . . . . . . . . . . .	Text   	 outintln
outi . . . . . . . . . . . . . .	Text   	 outint
outwordLn  . . . . . . . . . . .	Text   	 outwordln
randomize  . . . . . . . . . . .	Text   	 Randomize
red  . . . . . . . . . . . . . .	Number	 00000004h   
settextattr  . . . . . . . . . .	Text   	 SetTextAttr
skip . . . . . . . . . . . . . .	L Near	 000001D8 _TEXT	
start  . . . . . . . . . . . . .	L Near	 00000000 _TEXT	Public STDCALL
whereX . . . . . . . . . . . . .	Text   	 WhereX
whereY . . . . . . . . . . . . .	Text   	 WhereY
wherex . . . . . . . . . . . . .	Text   	 WhereX
wherey . . . . . . . . . . . . .	Text   	 WhereY
white  . . . . . . . . . . . . .	Number	 0000000Fh   
yellow . . . . . . . . . . . . .	Number	 0000000Eh   

	   0 Warnings
	   0 Errors
