Microsoft (R) Macro Assembler Version 6.14.8444		    04/11/19 16:37:15
c:\asm/task2.asm					     Page 1 - 1


				include console.inc 
			      C .NOLIST
			      C .LIST
			      C ; Исключение из списка служебных слов
			      C option NoKeyWord: <c name str>
			      C 
			      C 
			      C 
			      C ;include masm32.inc
			      C 
			      C    includelib masm32.lib
			      C    includelib user32.lib
			      C    includelib kernel32.lib
			      C    includelib msvcrt.lib
			      C    includelib io_proc.lib
			      C    
			      C 
 00000019			.data 
 = 00000014			        Max_Len equ 20
 00000019  00000014 [		        X dd Max_Len dup(?)
	    00000000
	   ]
 00000000			.code 
 00000000			start:
 00000000  68 00000019 R	        push offset X 
 00000005  E8 0000010A		        call InArr
 0000000A  8B D8		        mov EBX, EAX
 0000000C  53			        push EBX
 0000000D  68 00000019 R	        push offset X 
 00000012  E8 00000126		        call OutArr
 00000017  53			        push EBX
 00000018  68 00000019 R	        push offset X 
 0000001D  E8 00000238		        call IsSame
 00000022  3C 00		        cmp AL, 0
 00000024  74 18		        jE skip
 00000026  53			        push EBX
 00000027  68 00000019 R	        push offset X 
 0000002C  E8 00000315		        call Invert
 00000031  53			        push EBX
 00000032  68 00000019 R	        push offset X 
 00000037  E8 00000101		        call OutArr
 0000003C  EB 0B		        jmp nee
 0000003E  53			skip:   push EBX
 0000003F  68 00000019 R	        push offset X 
 00000044  E8 00000335		        call Div64
 00000049			nee:    
				        pause
				        exit

 00000114			InArr proc
 00000114  55			        push EBP
 00000115  8B EC		        mov EBP, ESP
 00000117  56			        push ESI
 00000118  52			        push EDX
 00000119  8B 75 08		        mov ESI, [EBP + 8]
 0000011C  33 C0		        xor EAX, EAX
 0000011E			@L:     inint EDX
 0000012C  83 FA 00		        cmp EDX, 0
 0000012F  74 06		        jE @fin
 00000131  89 14 86		        mov [ESI + 4*EAX], EDX
 00000134  40			        inc EAX
 00000135  EB E7		        jmp @L 
 00000137  5A			@fin:   pop EDX
 00000138  5E			        pop ESI
 00000139  5D			        pop EBP
 0000013A  C2 0004		        ret 4
 0000013D			InArr endp

 0000013D			OutArr proc
 0000013D  55			        push EBP
 0000013E  8B EC		        mov EBP, ESP
 00000140  56			        push ESI
 00000141  57			        push EDI
 00000142  51			        push ECX
 00000143  8B 75 08		        mov ESI, [EBP + 8]
 00000146  33 FF		        xor EDI, EDI
				        newline
 000001FE  8B 4D 0C		        mov ECX, [EBP + 12]
 00000201			@L1:    outint [ESI + 4*EDI],," "
 00000250  47			        inc EDI
 00000251  E2 AE		        loop @L1
 00000253  59			        pop ECX
 00000254  5F			        pop EDI
 00000255  5E			        pop ESI
 00000256  5D			        pop EBP
 00000257  C2 0008		        ret 4*2
 0000025A			OutArr endp

 0000025A			IsSame proc
 0000025A  55			        push EBP
 0000025B  8B EC		        mov EBP, ESP

 0000025D  56			        push ESI
 0000025E  57			        push EDI
 0000025F  52			        push EDX
 00000260  51			        push ECX
 00000261  53			        push EBX
 00000262  8B 75 08		        mov ESI, [EBP + 8]
 00000265  33 FF		        xor EDI, EDI
 00000267  32 C0		        xor AL, AL
				        newline
 0000031F  8B 4D 0C		        mov ECX, [EBP + 12]
 00000322  8B D9		@L21:   mov EBX, ECX
 00000324  8B 14 BE		        mov EDX, [ESI + 4*EDI]
 00000327  57			        push EDI
 00000328  47			@L22:   inc EDI
 00000329  3B 14 BE		        cmp EDX, [ESI + 4*EDI]
 0000032C  74 0C		        jE @res
 0000032E  4B			        dec EBX
 0000032F  83 FB 00		        cmp EBX, 0
 00000332  75 F4		        jNZ @L22
 00000334  5F			        pop EDI
 00000335  47			        inc EDI
 00000336  E2 EA		        loop @L21
 00000338  EB 03		        jmp @F
 0000033A  5F			@res:   pop EDI
 0000033B  FE C0		        inc AL
 0000033D			@@:     
				        
 0000033D  5B			        pop EBX
 0000033E  59			        pop ECX
 0000033F  5A			        pop EDX
 00000340  5F			        pop EDI
 00000341  5E			        pop ESI

 00000342  5D			        pop EBP
 00000343  C2 0008		        ret 4*2
 00000346			IsSame endp

 00000346			Invert proc
 00000346  55			        push EBP
 00000347  8B EC		        mov EBP, ESP
 00000349  57			        push EDI
 0000034A  56			        push ESI
 0000034B  50			        push EAX
 0000034C  51			        push ECX
 0000034D  52			        push EDX
 0000034E  8B 7D 08		        mov EDI, [EBP + 8]
 00000351  33 F6		        xor ESI, ESI
 00000353  8B 4D 0C		@L52:   mov ECX, [EBP + 12]
 00000356  2B CE		        sub ECX, ESI
 00000358  83 E9 01		        sub ECX, 1
 0000035B  8B 14 8F		        mov EDX, [EDI + 4*ECX]
 0000035E  87 14 B7		        Xchg [EDI + 4*ESI], EDX
 00000361  89 14 8F		        mov [EDI + 4*ECX], EDX
 00000364  46			        inc ESI
 00000365  8B 45 0C		        mov EAX, [EBP + 12]
 00000368  B9 00000002		        mov ECX, 2
 0000036D  33 D2		        xor EDX, EDX
 0000036F  F7 F1		        div ECX
 00000371  3B F0		        cmp ESI, EAX
 00000373  75 DE		        jNE @L52
 00000375  5A			        pop EDX
 00000376  59			        pop ECX
 00000377  58			        pop EAX
 00000378  5E			        pop ESI
 00000379  5F			        pop EDI
 0000037A  5D			        pop EBP
 0000037B  C2 0008		        ret 2 * 4
 0000037E			Invert endp

 0000037E			Div64 proc
 0000037E  55			        push EBP
 0000037F  8B EC		        mov EBP, ESP
 00000381  56			        push ESI
 00000382  57			        push EDI
 00000383  51			        push ECX
 00000384  8B 75 08		        mov ESI, [EBP + 8]
 00000387  33 FF		        xor EDI, EDI
				        newline
 0000043F  8B 4D 0C		        mov ECX, [EBP + 12]
 00000442  F7 04 BE		@L71:   test dword ptr [ESI + 4*EDI], 63
	   0000003F
 00000449  75 4F		        jNZ @sss
				        outword [ESI + 4*EDI],," "
 0000049A  47			@sss:   inc EDI
 0000049B  E2 A5		        loop @L71
 0000049D  59			        pop ECX
 0000049E  5F			        pop EDI
 0000049F  5E			        pop ESI
 000004A0  5D			        pop EBP
 000004A1  C2 0008		        ret 4*2
 000004A4			Div64 endp


				end start
Microsoft (R) Macro Assembler Version 6.14.8444		    04/11/19 16:37:15
c:\asm/task2.asm					     Symbols 2 - 1




Macros:

                N a m e                 Type

??CheckStrToBuf  . . . . . . . .	Proc
??FindESP  . . . . . . . . . . .	Proc
??RestoreReg . . . . . . . . . .	Proc
??SaveReg  . . . . . . . . . . .	Proc
@Random  . . . . . . . . . . . .	Func
@inchar  . . . . . . . . . . . .	Func
@inintln . . . . . . . . . . . .	Func
@inint . . . . . . . . . . . . .	Func
@readkey . . . . . . . . . . . .	Func
ChagePageAttr  . . . . . . . . .	Proc
ClrScr . . . . . . . . . . . . .	Proc
ConsoleMode  . . . . . . . . . .	Proc
ConsoleTitle . . . . . . . . . .	Proc
DOS  . . . . . . . . . . . . . .	Func
DownloadFile . . . . . . . . . .	Proc
GetConsoleTitle  . . . . . . . .	Proc
HeapBlockSize  . . . . . . . . .	Proc
InputStr . . . . . . . . . . . .	Proc
MsgBox . . . . . . . . . . . . .	Proc
NewConsole . . . . . . . . . . .	Proc
OpenFile . . . . . . . . . . . .	Proc
OutFlags . . . . . . . . . . . .	Proc
Randomize  . . . . . . . . . . .	Proc
RunExe . . . . . . . . . . . . .	Proc
SetScreenSize  . . . . . . . . .	Proc
SetTextAttr  . . . . . . . . . .	Proc
TotalHeapAllocated . . . . . . .	Proc
WhereX . . . . . . . . . . . . .	Proc
WhereY . . . . . . . . . . . . .	Proc
dispose  . . . . . . . . . . . .	Proc
exit . . . . . . . . . . . . . .	Proc
flush  . . . . . . . . . . . . .	Proc
gotoXY . . . . . . . . . . . . .	Proc
inchar . . . . . . . . . . . . .	Proc
inintln  . . . . . . . . . . . .	Proc
inint  . . . . . . . . . . . . .	Proc
newline  . . . . . . . . . . . .	Proc
new  . . . . . . . . . . . . . .	Proc
outcharln  . . . . . . . . . . .	Proc
outchar  . . . . . . . . . . . .	Proc
outdateln  . . . . . . . . . . .	Proc
outdate  . . . . . . . . . . . .	Proc
outintln . . . . . . . . . . . .	Proc
outint . . . . . . . . . . . . .	Proc
outnumln . . . . . . . . . . . .	Proc
outnum . . . . . . . . . . . . .	Proc
outstrln . . . . . . . . . . . .	Proc
outstr . . . . . . . . . . . . .	Proc
outtimeln  . . . . . . . . . . .	Proc
outtime  . . . . . . . . . . . .	Proc
outwordln  . . . . . . . . . . .	Proc
outword  . . . . . . . . . . . .	Proc
pause  . . . . . . . . . . . . .	Proc
readkey  . . . . . . . . . . . .	Proc


Structures and Unions:

                N a m e                  Size
                                         Offset      Type

CONSOLE_SCREEN_BUFFER_INFO . . .	 00000016
  dwSize . . . . . . . . . . . .	 00000000	 DWord
  dwCursorPosition . . . . . . .	 00000004	 DWord
  wAttributes  . . . . . . . . .	 00000008	 Word
  srWindow . . . . . . . . . . .	 0000000A	 QWord
  dwMaximumWindowSize  . . . . .	 00000012	 DWord
COORD  . . . . . . . . . . . . .	 00000004
  x  . . . . . . . . . . . . . .	 00000000	 Word
  y  . . . . . . . . . . . . . .	 00000002	 Word
SMALL_RECT . . . . . . . . . . .	 00000008
  Left . . . . . . . . . . . . .	 00000000	 Word
  Top  . . . . . . . . . . . . .	 00000002	 Word
  Right  . . . . . . . . . . . .	 00000004	 Word
  Bottom . . . . . . . . . . . .	 00000006	 Word
SystemTime . . . . . . . . . . .	 00000010
  wYear  . . . . . . . . . . . .	 00000000	 Word
  wMonth . . . . . . . . . . . .	 00000002	 Word
  wDayOfWeek . . . . . . . . . .	 00000004	 Word
  wDay . . . . . . . . . . . . .	 00000006	 Word
  wHour  . . . . . . . . . . . .	 00000008	 Word
  wMinute  . . . . . . . . . . .	 0000000A	 Word
  wSecond  . . . . . . . . . . .	 0000000C	 Word
  wMilliseconds  . . . . . . . .	 0000000E	 Word


Types:

                N a m e                  Size     Attr

c_msvcrt . . . . . . . . . . . .	 00000004     CODE 


Segments and Groups:

                N a m e                 Size     Length   Align   Combine Class

FLAT . . . . . . . . . . . . . .	GROUP
STACK  . . . . . . . . . . . . .	32 Bit	 00001000 Para	  Stack	  'STACK'	 
_DATA  . . . . . . . . . . . . .	32 Bit	 000006D1 Para	  Public  'DATA'	
_TEXT  . . . . . . . . . . . . .	32 Bit	 000004A4 Para	  Public  'CODE'	


Procedures,  parameters and locals:

                N a m e                 Type     Value    Attr

CharToOemA . . . . . . . . . . .	P Near	 00000000 FLAT	Length= 00000000 External STDCALL
ClearScreen  . . . . . . . . . .	P Near	 00000000 FLAT	Length= 00000000 External STDCALL
CloseHandle  . . . . . . . . . .	P Near	 00000000 FLAT	Length= 00000000 External STDCALL
CreateFileA  . . . . . . . . . .	P Near	 00000000 FLAT	Length= 00000000 External STDCALL
Div64  . . . . . . . . . . . . .	P Near	 0000037E _TEXT	Length= 00000126 Public STDCALL
  ??004A . . . . . . . . . . . .	L Near	 000003A4 _TEXT	
  ??004B . . . . . . . . . . . .	L Near	 000003DA _TEXT	
  ??0052 . . . . . . . . . . . .	L Near	 000003FF _TEXT	
  ??0053 . . . . . . . . . . . .	L Near	 00000435 _TEXT	
  @L71 . . . . . . . . . . . . .	L Near	 00000442 _TEXT	
  ??0065 . . . . . . . . . . . .	L Near	 00000476 _TEXT	
  @sss . . . . . . . . . . . . .	L Near	 0000049A _TEXT	
ExitProcess  . . . . . . . . . .	P Near	 00000000 FLAT	Length= 00000000 External STDCALL
GetCommandLineA  . . . . . . . .	P Near	 00000000 FLAT	Length= 00000000 External STDCALL
GetConsoleScreenBufferInfo . . .	P Near	 00000000 FLAT	Length= 00000000 External STDCALL
GetConsoleTitleA . . . . . . . .	P Near	 00000000 FLAT	Length= 00000000 External STDCALL
GetModuleHandleA . . . . . . . .	P Near	 00000000 FLAT	Length= 00000000 External STDCALL
GetStdHandle . . . . . . . . . .	P Near	 00000000 FLAT	Length= 00000000 External STDCALL
GetSystemMetrics . . . . . . . .	P Near	 00000000 FLAT	Length= 00000000 External STDCALL
GetSystemTime  . . . . . . . . .	P Near	 00000000 FLAT	Length= 00000000 External STDCALL
GetTickCount . . . . . . . . . .	P Near	 00000000 FLAT	Length= 00000000 External STDCALL
GlobalAlloc  . . . . . . . . . .	P Near	 00000000 FLAT	Length= 00000000 External STDCALL
GlobalFree . . . . . . . . . . .	P Near	 00000000 FLAT	Length= 00000000 External STDCALL
GlobalSize . . . . . . . . . . .	P Near	 00000000 FLAT	Length= 00000000 External STDCALL
InArr  . . . . . . . . . . . . .	P Near	 00000114 _TEXT	Length= 00000029 Public STDCALL
  @L . . . . . . . . . . . . . .	L Near	 0000011E _TEXT	
  @fin . . . . . . . . . . . . .	L Near	 00000137 _TEXT	
InternetGetConnectedState  . . .	P Near	 00000000 FLAT	Length= 00000000 External STDCALL
Invert . . . . . . . . . . . . .	P Near	 00000346 _TEXT	Length= 00000038 Public STDCALL
  @L52 . . . . . . . . . . . . .	L Near	 00000353 _TEXT	
IsSame . . . . . . . . . . . . .	P Near	 0000025A _TEXT	Length= 000000EC Public STDCALL
  ??003A . . . . . . . . . . . .	L Near	 00000284 _TEXT	
  ??003B . . . . . . . . . . . .	L Near	 000002BA _TEXT	
  ??0042 . . . . . . . . . . . .	L Near	 000002DF _TEXT	
  ??0043 . . . . . . . . . . . .	L Near	 00000315 _TEXT	
  @L21 . . . . . . . . . . . . .	L Near	 00000322 _TEXT	
  @L22 . . . . . . . . . . . . .	L Near	 00000328 _TEXT	
  @res . . . . . . . . . . . . .	L Near	 0000033A _TEXT	
MessageBoxA  . . . . . . . . . .	P Near	 00000000 FLAT	Length= 00000000 External STDCALL
MessageBoxIndirectA  . . . . . .	P Near	 00000000 FLAT	Length= 00000000 External STDCALL
OutArr . . . . . . . . . . . . .	P Near	 0000013D _TEXT	Length= 0000011D Public STDCALL
  ??0018 . . . . . . . . . . . .	L Near	 00000163 _TEXT	
  ??0019 . . . . . . . . . . . .	L Near	 00000199 _TEXT	
  ??0020 . . . . . . . . . . . .	L Near	 000001BE _TEXT	
  ??0021 . . . . . . . . . . . .	L Near	 000001F4 _TEXT	
  @L1  . . . . . . . . . . . . .	L Near	 00000201 _TEXT	
  ??0033 . . . . . . . . . . . .	L Near	 0000022C _TEXT	
SetConsoleCursorPosition . . . .	P Near	 00000000 FLAT	Length= 00000000 External STDCALL
SetConsoleScreenBufferSize . . .	P Near	 00000000 FLAT	Length= 00000000 External STDCALL
SetConsoleTextAttribute  . . . .	P Near	 00000000 FLAT	Length= 00000000 External STDCALL
SetConsoleTitleA . . . . . . . .	P Near	 00000000 FLAT	Length= 00000000 External STDCALL
Sleep  . . . . . . . . . . . . .	P Near	 00000000 FLAT	Length= 00000000 External STDCALL
StdIn  . . . . . . . . . . . . .	P Near	 00000000 FLAT	Length= 00000000 External STDCALL
StdOut . . . . . . . . . . . . .	P Near	 00000000 FLAT	Length= 00000000 External STDCALL
URLDownloadToFileA . . . . . . .	P Near	 00000000 FLAT	Length= 00000000 External STDCALL
VirtualProtect . . . . . . . . .	P Near	 00000000 FLAT	Length= 00000000 External STDCALL
nrandom  . . . . . . . . . . . .	P Near	 00000000 FLAT	Length= 00000000 External STDCALL
nseed  . . . . . . . . . . . . .	P Near	 00000000 FLAT	Length= 00000000 External STDCALL
shell_ex . . . . . . . . . . . .	P Near	 00000000 FLAT	Length= 00000000 External STDCALL
shell  . . . . . . . . . . . . .	P Near	 00000000 FLAT	Length= 00000000 External STDCALL
wait_key . . . . . . . . . . . .	P Near	 00000000 FLAT	Length= 00000000 External STDCALL


Symbols:

                N a m e                 Type     Value    Attr

??0000 . . . . . . . . . . . . .	Number	 00000000h   
??0001 . . . . . . . . . . . . .	Byte	 00000069 _DATA	
??0003 . . . . . . . . . . . . .	Byte	 0000006C _DATA	
??0004 . . . . . . . . . . . . .	Text   	 o
??0005 . . . . . . . . . . . . .	Byte	 0000006B _DATA	
??0006 . . . . . . . . . . . . .	L Near	 00000071 _TEXT	
??0007 . . . . . . . . . . . . .	L Near	 000000A7 _TEXT	
??0008 . . . . . . . . . . . . .	Number	 00000000h   
??0009 . . . . . . . . . . . . .	Byte	 00000134 _DATA	
??000B . . . . . . . . . . . . .	Byte	 00000137 _DATA	
??000C . . . . . . . . . . . . .	Text   	 o
??000D . . . . . . . . . . . . .	Byte	 00000136 _DATA	
??000E . . . . . . . . . . . . .	L Near	 000000CC _TEXT	
??000F . . . . . . . . . . . . .	L Near	 00000102 _TEXT	
??0010 . . . . . . . . . . . . .	Number	 00000004h   
??0011 . . . . . . . . . . . . .	DWord	 000001FF _DATA	
??0012 . . . . . . . . . . . . .	Number	 00000000h   
??0013 . . . . . . . . . . . . .	Byte	 00000203 _DATA	
??0015 . . . . . . . . . . . . .	Byte	 00000206 _DATA	
??0016 . . . . . . . . . . . . .	Text   	 o
??0017 . . . . . . . . . . . . .	Byte	 00000205 _DATA	
??001A . . . . . . . . . . . . .	Number	 00000000h   
??001B . . . . . . . . . . . . .	Byte	 000002CE _DATA	
??001D . . . . . . . . . . . . .	Byte	 000002D1 _DATA	
??001E . . . . . . . . . . . . .	Text   	 o
??001F . . . . . . . . . . . . .	Byte	 000002D0 _DATA	
??0022 . . . . . . . . . . . . .	Number	 0000000Bh   
??0023 . . . . . . . . . . . . .	Number	 0000000Ch   
??0024 . . . . . . . . . . . . .	Number	 00000000h   
??0025 . . . . . . . . . . . . .	Byte	 0000039C _DATA	
??002D . . . . . . . . . . . . .	Number	 00000000h   
??002F . . . . . . . . . . . . .	Byte	 0000039A _DATA	
??0030 . . . . . . . . . . . . .	Text   	 "
??0031 . . . . . . . . . . . . .	Byte	 00000399 _DATA	
??0034 . . . . . . . . . . . . .	Number	 00000000h   
??0035 . . . . . . . . . . . . .	Byte	 0000039F _DATA	
??0037 . . . . . . . . . . . . .	Byte	 000003A2 _DATA	
??0038 . . . . . . . . . . . . .	Text   	 o
??0039 . . . . . . . . . . . . .	Byte	 000003A1 _DATA	
??003C . . . . . . . . . . . . .	Number	 00000000h   
??003D . . . . . . . . . . . . .	Byte	 0000046A _DATA	
??003F . . . . . . . . . . . . .	Byte	 0000046D _DATA	
??0040 . . . . . . . . . . . . .	Text   	 o
??0041 . . . . . . . . . . . . .	Byte	 0000046C _DATA	
??0044 . . . . . . . . . . . . .	Number	 00000000h   
??0045 . . . . . . . . . . . . .	Byte	 00000535 _DATA	
??0047 . . . . . . . . . . . . .	Byte	 00000538 _DATA	
??0048 . . . . . . . . . . . . .	Text   	 o
??0049 . . . . . . . . . . . . .	Byte	 00000537 _DATA	
??004C . . . . . . . . . . . . .	Number	 00000000h   
??004D . . . . . . . . . . . . .	Byte	 00000600 _DATA	
??004F . . . . . . . . . . . . .	Byte	 00000603 _DATA	
??0050 . . . . . . . . . . . . .	Text   	 o
??0051 . . . . . . . . . . . . .	Byte	 00000602 _DATA	
??0054 . . . . . . . . . . . . .	Number	 0000000Bh   
??0055 . . . . . . . . . . . . .	Number	 0000000Ch   
??0056 . . . . . . . . . . . . .	Number	 00000000h   
??0057 . . . . . . . . . . . . .	Byte	 000006CE _DATA	
??005F . . . . . . . . . . . . .	Number	 00000000h   
??0061 . . . . . . . . . . . . .	Byte	 000006CC _DATA	
??0062 . . . . . . . . . . . . .	Text   	 "
??0063 . . . . . . . . . . . . .	Byte	 000006CB _DATA	
??CommonHeapElemSize . . . . . .	DWord	 00000004 _DATA	
??ConsoleMode  . . . . . . . . .	Byte	 00000008 _DATA	
??TotalHeapAllocated . . . . . .	DWord	 00000000 _DATA	
??sTime  . . . . . . . . . . . .	SystemTime  00000009 _DATA	
@CodeSize  . . . . . . . . . . .	Number	 00000000h   
@DOS . . . . . . . . . . . . . .	Text   	 DOS
@DataSize  . . . . . . . . . . .	Number	 00000000h   
@INCHAR  . . . . . . . . . . . .	Text   	 @inchar
@ININTLN . . . . . . . . . . . .	Text   	 @inintln
@ININT . . . . . . . . . . . . .	Text   	 @inint
@InChar  . . . . . . . . . . . .	Text   	 @inchar
@InInt . . . . . . . . . . . . .	Text   	 @inint
@Inchar  . . . . . . . . . . . .	Text   	 @inchar
@InintLn . . . . . . . . . . . .	Text   	 @inintln
@Inintln . . . . . . . . . . . .	Text   	 @inintln
@Inint . . . . . . . . . . . . .	Text   	 @inint
@Interface . . . . . . . . . . .	Number	 00000003h   
@Model . . . . . . . . . . . . .	Number	 00000007h   
@READKEY . . . . . . . . . . . .	Text   	 @readkey
@ReadKey . . . . . . . . . . . .	Text   	 @readkey
@code  . . . . . . . . . . . . .	Text   	 _TEXT
@data  . . . . . . . . . . . . .	Text   	 FLAT
@dos . . . . . . . . . . . . . .	Text   	 DOS
@fardata?  . . . . . . . . . . .	Text   	 FLAT
@fardata . . . . . . . . . . . .	Text   	 FLAT
@random  . . . . . . . . . . . .	Text   	 @Random
@stack . . . . . . . . . . . . .	Text   	 FLAT
AllocConsole@0 . . . . . . . . .	L Near	 00000000 FLAT	External STDCALL
Black  . . . . . . . . . . . . .	Number	 00000000h   
Blue . . . . . . . . . . . . . .	Number	 00000001h   
Bright . . . . . . . . . . . . .	Number	 00000008h   
Brown  . . . . . . . . . . . . .	Number	 00000006h   
CLRSCR . . . . . . . . . . . . .	Text   	 ClrScr
CREATE_ALWAYS  . . . . . . . . .	Number	 00000002h   
CREATE_NEW . . . . . . . . . . .	Number	 00000001h   
CharToOem  . . . . . . . . . . .	Text   	 CharToOemA
Cls  . . . . . . . . . . . . . .	Text   	 ClrScr
CreateFile . . . . . . . . . . .	Text   	 CreateFileA
Cyan . . . . . . . . . . . . . .	Number	 00000003h   
DISPOSE  . . . . . . . . . . . .	Text   	 dispose
DarkGray . . . . . . . . . . . .	Number	 00000008h   
Dispose  . . . . . . . . . . . .	Text   	 dispose
EXIT . . . . . . . . . . . . . .	Text   	 exit
Exit . . . . . . . . . . . . . .	Text   	 exit
FILE_ATTRIBUTE_ARCHIVE . . . . .	Number	 00000020h   
FILE_ATTRIBUTE_COMPRESSED  . . .	Number	 00000800h   
FILE_ATTRIBUTE_DIRECTORY . . . .	Number	 00000010h   
FILE_ATTRIBUTE_HIDDEN  . . . . .	Number	 00000002h   
FILE_ATTRIBUTE_NORMAL  . . . . .	Number	 00000080h   
FILE_ATTRIBUTE_READONLY  . . . .	Number	 00000001h   
FILE_ATTRIBUTE_SYSTEM  . . . . .	Number	 00000004h   
FILE_ATTRIBUTE_TEMPORARY . . . .	Number	 00000100h   
FLUSH  . . . . . . . . . . . . .	Text   	 flush
Flush  . . . . . . . . . . . . .	Text   	 flush
FreeConsole@0  . . . . . . . . .	L Near	 00000000 FLAT	External STDCALL
GENERIC_ALL  . . . . . . . . . .	Number	 10000000h   
GENERIC_EXECUTE  . . . . . . . .	Number	 20000000h   
GENERIC_READ . . . . . . . . . .	Number	 -80000000h   
GENERIC_WRITE  . . . . . . . . .	Number	 40000000h   
GMEM_FIXED . . . . . . . . . . .	Number	 00000000h   
GMEM_ZEROINIT  . . . . . . . . .	Number	 00000040h   
GOTOXY . . . . . . . . . . . . .	Text   	 gotoXY
GetCommandLine . . . . . . . . .	Text   	 GetCommandLineA
GetModuleHandle  . . . . . . . .	Text   	 GetModuleHandleA
GotoXY . . . . . . . . . . . . .	Text   	 gotoXY
Green  . . . . . . . . . . . . .	Number	 00000002h   
IDABORT  . . . . . . . . . . . .	Number	 00000003h   
IDCANCEL . . . . . . . . . . . .	Number	 00000002h   
IDIGNORE . . . . . . . . . . . .	Number	 00000005h   
IDNO . . . . . . . . . . . . . .	Number	 00000007h   
IDOK . . . . . . . . . . . . . .	Number	 00000001h   
IDRETRY  . . . . . . . . . . . .	Number	 00000004h   
IDYES  . . . . . . . . . . . . .	Number	 00000006h   
INCHAR . . . . . . . . . . . . .	Text   	 inchar
ININTLN  . . . . . . . . . . . .	Text   	 inintln
ININT  . . . . . . . . . . . . .	Text   	 inint
INPUTSTR . . . . . . . . . . . .	Text   	 InputStr
InChar . . . . . . . . . . . . .	Text   	 inchar
InInt  . . . . . . . . . . . . .	Text   	 inint
Inchar . . . . . . . . . . . . .	Text   	 inchar
InintLn  . . . . . . . . . . . .	Text   	 inintln
Inintln  . . . . . . . . . . . .	Text   	 inintln
Inint  . . . . . . . . . . . . .	Text   	 inint
LANG_NEUTRAL . . . . . . . . . .	Number	 00000000h   
LightBlue  . . . . . . . . . . .	Number	 00000009h   
LightGray  . . . . . . . . . . .	Number	 00000007h   
LightGreen . . . . . . . . . . .	Number	 0000000Ah   
LightMagenta . . . . . . . . . .	Number	 0000000Dh   
LightRed . . . . . . . . . . . .	Number	 0000000Ch   
MB_ABORTRETRYIGNORE  . . . . . .	Number	 00000002h   
MB_CANCELTRYCONTINUE . . . . . .	Number	 00000006h   
MB_DEFBUTTON1  . . . . . . . . .	Number	 00000000h   
MB_DEFBUTTON2  . . . . . . . . .	Number	 00000100h   
MB_DEFBUTTON3  . . . . . . . . .	Number	 00000200h   
MB_DEFBUTTON4  . . . . . . . . .	Number	 00000300h   
MB_HELP  . . . . . . . . . . . .	Number	 00004000h   
MB_ICONASTERISK  . . . . . . . .	Number	 00000040h   
MB_ICONEXCLAMATION . . . . . . .	Number	 00000030h   
MB_ICONHAND  . . . . . . . . . .	Number	 00000008h   
MB_ICONQUESTION  . . . . . . . .	Number	 00000020h   
MB_ICONSTOP  . . . . . . . . . .	Number	 00000010h   
MB_OKCANCEL  . . . . . . . . . .	Number	 00000001h   
MB_OK  . . . . . . . . . . . . .	Number	 00000000h   
MB_RETRYCANCEL . . . . . . . . .	Number	 00000005h   
MB_RIGHT . . . . . . . . . . . .	Number	 00080000h   
MB_SYSTEMMODAL . . . . . . . . .	Number	 00001000h   
MB_USERICON  . . . . . . . . . .	Number	 00000080h   
MB_YESNOCANCEL . . . . . . . . .	Number	 00000003h   
MB_YESNO . . . . . . . . . . . .	Number	 00000004h   
MSGBOX . . . . . . . . . . . . .	Text   	 MsgBox
Magenta  . . . . . . . . . . . .	Number	 00000005h   
Max_Len  . . . . . . . . . . . .	Number	 00000014h   
MessageBoxIndirect . . . . . . .	Text   	 MessageBoxIndirectA
MessageBox . . . . . . . . . . .	Text   	 MessageBoxA
NEWLINE  . . . . . . . . . . . .	Text   	 newline
NEW  . . . . . . . . . . . . . .	Text   	 new
NULL . . . . . . . . . . . . . .	Number	 00000000h   
NewLine  . . . . . . . . . . . .	Text   	 newline
Newline  . . . . . . . . . . . .	Text   	 newline
New  . . . . . . . . . . . . . .	Text   	 new
OPEN_ALWAYS  . . . . . . . . . .	Number	 00000004h   
OPEN_EXISTING  . . . . . . . . .	Number	 00000003h   
OUTCHARLN  . . . . . . . . . . .	Text   	 outcharln
OUTCHAR  . . . . . . . . . . . .	Text   	 outchar
OUTCLN . . . . . . . . . . . . .	Text   	 outcharln
OUTC . . . . . . . . . . . . . .	Text   	 outchar
OUTDATELN  . . . . . . . . . . .	Text   	 outdateln
OUTDATE  . . . . . . . . . . . .	Text   	 outdate
OUTINTLN . . . . . . . . . . . .	Text   	 outintln
OUTINT . . . . . . . . . . . . .	Text   	 outint
OUTI . . . . . . . . . . . . . .	Text   	 outint
OUTSTRLN . . . . . . . . . . . .	Text   	 outstrln
OUTSTR . . . . . . . . . . . . .	Text   	 outstr
OUTTIMELN  . . . . . . . . . . .	Text   	 outtimeln
OUTTIME  . . . . . . . . . . . .	Text   	 outtime
OUTWORDLN  . . . . . . . . . . .	Text   	 outwordln
OUTWORD  . . . . . . . . . . . .	Text   	 outword
OutCharLn  . . . . . . . . . . .	Text   	 outcharln
OutCharln  . . . . . . . . . . .	Text   	 outcharln
OutChar  . . . . . . . . . . . .	Text   	 outchar
OutDateLn  . . . . . . . . . . .	Text   	 outdateln
OutDateln  . . . . . . . . . . .	Text   	 outdateln
OutDate  . . . . . . . . . . . .	Text   	 outdate
OutILn . . . . . . . . . . . . .	Text   	 outintln
OutIln . . . . . . . . . . . . .	Text   	 outintln
OutIntLn . . . . . . . . . . . .	Text   	 outintln
OutInt . . . . . . . . . . . . .	Text   	 outint
OutI . . . . . . . . . . . . . .	Text   	 outint
OutNumLn . . . . . . . . . . . .	Text   	 outnumln
OutNumln . . . . . . . . . . . .	Text   	 outnumln
OutNum . . . . . . . . . . . . .	Text   	 outnum
OutStrLn . . . . . . . . . . . .	Text   	 outstrln
OutStr . . . . . . . . . . . . .	Text   	 outstr
OutTimeLn  . . . . . . . . . . .	Text   	 outtimeln
OutTimeln  . . . . . . . . . . .	Text   	 outtimeln
OutTime  . . . . . . . . . . . .	Text   	 outtime
OutULn . . . . . . . . . . . . .	Text   	 outwordln
OutUln . . . . . . . . . . . . .	Text   	 outwordln
OutUnsignedLn  . . . . . . . . .	Text   	 outwordln
OutUnsignedln  . . . . . . . . .	Text   	 outwordln
OutUnsigned  . . . . . . . . . .	Text   	 outword
OutU . . . . . . . . . . . . . .	Text   	 outword
OutWordLn  . . . . . . . . . . .	Text   	 outwordln
OutWord  . . . . . . . . . . . .	Text   	 outword
OutintLn . . . . . . . . . . . .	Text   	 outintln
Outintln . . . . . . . . . . . .	Text   	 outintln
Outint . . . . . . . . . . . . .	Text   	 outint
OutstrLn . . . . . . . . . . . .	Text   	 outstrln
OutwordLn  . . . . . . . . . . .	Text   	 outwordln
Outword  . . . . . . . . . . . .	Text   	 outword
PAGE_EXECUTE_READWRITE . . . . .	Number	 00000040h   
PAGE_EXECUTE_READ  . . . . . . .	Number	 00000020h   
PAGE_EXECUTE_WRITECOPY . . . . .	Number	 00000080h   
PAGE_EXECUTE . . . . . . . . . .	Number	 00000010h   
PAGE_NOACCESS  . . . . . . . . .	Number	 00000001h   
PAGE_READONLY  . . . . . . . . .	Number	 00000002h   
PAGE_READWRITE . . . . . . . . .	Number	 00000004h   
PAGE_WRITECOPY . . . . . . . . .	Number	 00000008h   
PAUSE  . . . . . . . . . . . . .	Text   	 pause
Pause  . . . . . . . . . . . . .	Text   	 pause
READKEY  . . . . . . . . . . . .	Text   	 readkey
ReadKey  . . . . . . . . . . . .	Text   	 readkey
Red  . . . . . . . . . . . . . .	Number	 00000004h   
STD_ERROR_HANDLE . . . . . . . .	Number	 -0000000Ch   
STD_INPUT_HANDLE . . . . . . . .	Number	 -0000000Ah   
STD_OUTPUT_HANDLE  . . . . . . .	Number	 -0000000Bh   
SetConsoleTitle  . . . . . . . .	Text   	 SetConsoleTitleA
TRUNCATE_EXISTING  . . . . . . .	Number	 00000005h   
URLDownloadToFile  . . . . . . .	Text   	 URLDownloadToFileA
White  . . . . . . . . . . . . .	Number	 0000000Fh   
X  . . . . . . . . . . . . . . .	DWord	 00000019 _DATA	
Yellow . . . . . . . . . . . . .	Number	 0000000Eh   
_imp__printf . . . . . . . . . .	DWord	 00000000 FLAT	External STDCALL
_imp__sprintf  . . . . . . . . .	DWord	 00000000 FLAT	External STDCALL
black  . . . . . . . . . . . . .	Number	 00000000h   
blue . . . . . . . . . . . . . .	Number	 00000001h   
bright . . . . . . . . . . . . .	Number	 00000008h   
brown  . . . . . . . . . . . . .	Number	 00000006h   
clrscr . . . . . . . . . . . . .	Text   	 ClrScr
crt_printf . . . . . . . . . . .	Text   	 _imp__printf
crt_sprintf  . . . . . . . . . .	Text   	 _imp__sprintf
cyan . . . . . . . . . . . . . .	Number	 00000003h   
darkgray . . . . . . . . . . . .	Number	 00000008h   
dos  . . . . . . . . . . . . . .	Text   	 DOS
downloadfile . . . . . . . . . .	Text   	 DownloadFile
gotoxy . . . . . . . . . . . . .	Text   	 gotoXY
green  . . . . . . . . . . . . .	Number	 00000002h   
heapblocksize  . . . . . . . . .	Text   	 HeapBlockSize
inint_proc@0 . . . . . . . . . .	L Near	 00000000 FLAT	External STDCALL
inputstr . . . . . . . . . . . .	Text   	 InputStr
lightblue  . . . . . . . . . . .	Number	 00000009h   
lightgray  . . . . . . . . . . .	Number	 00000007h   
lightgreen . . . . . . . . . . .	Number	 0000000Ah   
lightmagenta . . . . . . . . . .	Number	 0000000Dh   
lightred . . . . . . . . . . . .	Number	 0000000Ch   
magenta  . . . . . . . . . . . .	Number	 00000005h   
msgbox . . . . . . . . . . . . .	Text   	 MsgBox
nee  . . . . . . . . . . . . . .	L Near	 00000049 _TEXT	
nil  . . . . . . . . . . . . . .	DWord 	 00000000h   
outintLn . . . . . . . . . . . .	Text   	 outintln
outi . . . . . . . . . . . . . .	Text   	 outint
outwordLn  . . . . . . . . . . .	Text   	 outwordln
randomize  . . . . . . . . . . .	Text   	 Randomize
red  . . . . . . . . . . . . . .	Number	 00000004h   
settextattr  . . . . . . . . . .	Text   	 SetTextAttr
skip . . . . . . . . . . . . . .	L Near	 0000003E _TEXT	
start  . . . . . . . . . . . . .	L Near	 00000000 _TEXT	Public STDCALL
whereX . . . . . . . . . . . . .	Text   	 WhereX
whereY . . . . . . . . . . . . .	Text   	 WhereY
wherex . . . . . . . . . . . . .	Text   	 WhereX
wherey . . . . . . . . . . . . .	Text   	 WhereY
white  . . . . . . . . . . . . .	Number	 0000000Fh   
yellow . . . . . . . . . . . . .	Number	 0000000Eh   

	   0 Warnings
	   0 Errors
