Microsoft (R) Macro Assembler Version 6.14.8444		    05/06/19 18:53:08
c:\asm/unit1.asm					     Page 1 - 1


				include console.inc 
			      C .NOLIST
			      C .LIST
			      C ; Исключение из списка служебных слов
			      C option NoKeyWord: <c name str>
			      C 
			      C 
			      C 
			      C ;include masm32.inc
			      C 
			      C    includelib masm32.lib
			      C    includelib user32.lib
			      C    includelib kernel32.lib
			      C    includelib msvcrt.lib
			      C    includelib io_proc.lib
			      C    
			      C 
				public In_Rec, Out_Rec, Less, Min_Date, Rec_to_Struc, Out_Struc, Ptr_to_Min_Date, Sort
				Date_pack record D:5, M:4, Y:7
 00000003			Date_unpack struc 
 00000000  00			        D db ?
 00000001  00			        M db ?
 00000002  00			        Y db ?
				Date_unpack ends
 00000000			.code
 00000000			In_Rec proc 
 00000000  55			        push EBP
 00000001  8B EC		        mov EBP, ESP
 00000003  53			        push EBX
 00000004  50			        push EAX
				        inint AX
 00000017  66| C1 E0 04		        shl AX, width M 
				        inint BX
 0000002A  66| 0B C3		        or AX, BX 
 0000002D  66| C1 E0 07		        shl AX, width Y
				        inint BX
 00000040  66| 0B C3		        or AX, BX
 00000043  8B 5D 08		        mov EBX, [EBP + 8]
 00000046  66| 89 03		        mov Date_pack ptr [EBX], AX
 00000049  58			        pop EAX
 0000004A  5B			        pop EBX
 0000004B  5D			        pop EBP
 0000004C  C2 0004		        ret 4
 0000004F			In_Rec endp

 0000004F			Out_Rec proc 
 0000004F  55			        push EBP
 00000050  8B EC		        mov EBP, ESP
 00000052  53			        push EBX 

 00000053  8B 5D 08		        mov EBX, [EBP + 8]
 00000056  81 E3 0000F800	        and EBX, mask D 
 0000005C  C1 EB 04		        shr EBX, width M
 0000005F  C1 EB 07		        shr EBX, width Y
 00000062  83 FB 0A		        cmp EBX, 10
 00000065  73 5B		        jNB @skip1
				        outchar "0"
 000000C2			@skip1: outword EBX

				        outchar "."

 00000136  8B 5D 08		        mov EBX, [EBP + 8]
 00000139  66| 81 E3 0780	        and BX, mask M 
 0000013E  66| C1 EB 07		        shr BX, width Y
 00000142  66| 83 FB 0A		        cmp BX, 10
 00000146  73 5B		        jNB @skip2
				        outchar "0"
 000001A3			@skip2: outword BX
				        outchar "."

 00000218  8B 5D 08		        mov EBX, [EBP + 8]
 0000021B  83 E3 7F		        and EBX, mask Y 
 0000021E  83 FB 0A		        cmp EBX, 10
 00000221  73 5B		        jNB @skip3
				        outchar "0"
 0000027E			@skip3: outword EBX
 00000297  5B			        pop EBX
 00000298  5D			        pop EBP 
 00000299  C2 0004		        ret 4
 0000029C			Out_Rec endp

 0000029C			Less proc 
 0000029C  55			        push EBP
 0000029D  8B EC		        mov EBP, ESP 
 0000029F  53			        push EBX 
 000002A0  51			        push ECX
 000002A1  B0 00		        mov AL, 0
 000002A3  8B 5D 0C		        mov EBX, [EBP + 12]
 000002A6  83 E3 7F		        and EBX, mask Y
 000002A9  8B 4D 08		        mov ECX, [EBP + 8]
 000002AC  83 E1 7F		        and ECX, mask Y
				        ;outwordln ECX
				        ;outwordln EBX
 000002AF  3B D9		        cmp EBX, ECX
 000002B1  77 40		        jA @fin

 000002B3  8B 4D 08		        mov ECX, [EBP + 8]
 000002B6  81 E1 00000780	        and ECX, mask M
 000002BC  C1 E9 07		        shr ECX, width Y
 000002BF  8B 5D 0C		        mov EBX, [EBP + 12]
 000002C2  81 E3 00000780	        and EBX, mask M 
 000002C8  C1 EB 07		        shr EBX, width Y
				        ;outwordln ECX
				        ;outwordln EBX
 000002CB  3B D9		        cmp EBX, ECX
 000002CD  77 24		        jA @fin

 000002CF  8B 4D 08		        mov ECX, [EBP + 8]
 000002D2  81 E1 0000F800	        and ECX, mask D
 000002D8  C1 E9 04		        shr ECX, width M
 000002DB  C1 E9 07		        shr ECX, width Y
 000002DE  8B 5D 0C		        mov EBX, [EBP + 12]
 000002E1  81 E3 0000F800	        and EBX, mask D 
 000002E7  C1 EB 04		        shr EBX, width M
 000002EA  C1 EB 07		        shr EBX, width Y
				        ;outwordln ECX
				        ;outwordln EBX
 000002ED  3B D9		        cmp EBX, ECX
 000002EF  77 02		        jA @fin
 000002F1  EB 02		        jmp @F 
 000002F3  B0 01		@fin:   mov AL, 1
 000002F5  59			@@:     pop ECX
 000002F6  5B			        pop EBX
 000002F7  5D			        pop EBP
 000002F8  C2 0008		        ret 4*2
 000002FB			Less endp

 000002FB			Min_Date proc 
 000002FB  55			        push EBP
 000002FC  8B EC		        mov EBP, ESP
 000002FE  51			        push ECX
 000002FF  56			        push ESI 
 00000300  53			        push EBX
 00000301  B9 00000001		        mov ECX, 1
 00000306  33 DB		        xor EBX, EBX
 00000308  8B 75 08		        mov ESI, [EBP + 8]
 0000030B  66| 8B 1E		        mov BX, [ESI]
 0000030E  83 C6 02		@LL1:   add ESI, 2
 00000311  53			        push EBX 
 00000312  0F B7 16		        movzx EDX, word ptr [ESI]
 00000315  52			        push EDX
 00000316  E8 FFFFFF81		        call Less
 0000031B  3C 00		        cmp AL, 0 
 0000031D  74 03		        jE @F 
 0000031F  66| 8B 1E		        mov BX, [ESI]
 00000322  83 C1 01		@@:     add ECX, 1
 00000325  3B 4D 0C		        cmp ECX, [EBP + 12]
 00000328  72 E4		        jB @LL1 
 0000032A  66| 8B C3		        mov AX, BX
 0000032D  5B			        pop EBX
 0000032E  5E			        pop ESI 
 0000032F  59			        pop ECX 
 00000330  5D			        pop EBP 
 00000331  C2 0008		        ret 4*2
 00000334			Min_Date endp

 00000334			Rec_to_Struc proc 
 00000334  55			        push EBP 
 00000335  8B EC		        mov EBP, ESP
 00000337  56			        push ESI 
 00000338  50			        push EAX 
 00000339  8B 75 0C		        mov ESI, [EBP + 12]
 0000033C  66| 8B 45 08		        mov AX, [EBP + 8]
 00000340  83 E0 7F		        and EAX, mask Y
 00000343  88 46 02		        mov (Date_unpack ptr [ESI]).Y, AL 
 00000346  8B 45 08		        mov EAX, [EBP + 8]
 00000349  25 00000780		        and EAX, mask M
 0000034E  C1 E8 07		        shr EAX, width Y
 00000351  88 46 01		        mov (Date_unpack ptr [ESI]).M, AL 
 00000354  8B 45 08		        mov EAX, [EBP + 8]
 00000357  25 0000F800		        and EAX, mask D
 0000035C  C1 E8 04		        shr EAX, width M
 0000035F  C1 E8 07		        shr EAX, width Y
 00000362  88 06		        mov (Date_unpack ptr [ESI]).D, AL
 00000364  58			        pop EAX 
 00000365  5E			        pop ESI 
 00000366  5D			        pop EBP 
 00000367  C2 0008		        ret 4*2
 0000036A			Rec_to_Struc endp

 0000036A			Out_Struc proc 
 0000036A  55			        push EBP 
 0000036B  8B EC		        mov EBP, ESP 
 0000036D  51			        push ECX 
 0000036E  53			        push EBX
 0000036F  8B 4D 08		        mov ECX, [EBP + 8]
 00000372  8A 19		        mov BL, (Date_unpack ptr [ECX]).D
 00000374  80 FB 0A		        cmp BL, 10
 00000377  73 5B		        jNB @skir1
				        outchar "0"
 000003D4			@skir1: outword EBX
				        outchar "."

 00000448  8B 4D 08		        mov ECX, [EBP + 8]
 0000044B  8A 59 01		        mov BL, (Date_unpack ptr [ECX]).M
 0000044E  80 FB 0A		        cmp BL, 10
 00000451  73 5B		        jNB @skir2
				        outchar "0"
 000004AE			@skir2: outword BX
				        outchar "."

 00000523  8B 4D 08		        mov ECX, [EBP + 8]
 00000526  8A 59 02		        mov BL, (Date_unpack ptr [ECX]).Y
 00000529  80 FB 0A		        cmp BL, 10
 0000052C  73 5B		        jNB @skir3
				        outchar "0"
 00000589			@skir3: outword EBX
 000005A2  5B			        pop EBX 
 000005A3  59			        pop ECX
 000005A4  5D			        pop EBP 
 000005A5  C2 0004		        ret 4
 000005A8			Out_Struc endp

 000005A8			Ptr_to_Min_Date proc 
 000005A8  55			        push EBP
 000005A9  8B EC		        mov EBP, ESP
 000005AB  51			        push ECX
 000005AC  56			        push ESI 
 000005AD  53			        push EBX
 000005AE  57			        push EDI
 000005AF  B9 00000001		        mov ECX, 1
 000005B4  33 DB		        xor EBX, EBX
 000005B6  8B 75 08		        mov ESI, [EBP + 8]
 000005B9  66| 8B 1E		        mov BX, [ESI]
				        ;outwordln 11111
 000005BC  8B FE		        mov EDI, ESI
 000005BE  83 C6 02		@LL2:   add ESI, 2
 000005C1  53			        push EBX 
 000005C2  0F B7 16		        movzx EDX, word ptr [ESI]
 000005C5  52			        push EDX
 000005C6  E8 FFFFFCD1		        call Less
 000005CB  3C 00		        cmp AL, 0 
 000005CD  74 05		        jE @F 
				        ;outintln 1111
 000005CF  66| 8B 1E		        mov BX, [ESI]
 000005D2  8B FE		        mov EDI, ESI
 000005D4  83 C1 01		@@:     add ECX, 1
 000005D7  3B 4D 0C		        cmp ECX, [EBP + 12]
 000005DA  72 E2		        jB @LL2 
 000005DC  8B C7		        mov EAX, EDI
 000005DE  5F			        pop EDI
 000005DF  5B			        pop EBX
 000005E0  5E			        pop ESI 
 000005E1  59			        pop ECX 
 000005E2  5D			        pop EBP 
 000005E3  C2 0008		        ret 4*2
 000005E6			Ptr_to_Min_Date endp

 000005E6			Sort proc
 000005E6  55			        push EBP
 000005E7  8B EC		        mov EBP, ESP 
 000005E9  56			        push ESI
 000005EA  51			        push ECX
 000005EB  53			        push EBX
 000005EC  52			        push EDX
 000005ED  50			        push EAX
 000005EE  57			        push EDI
 000005EF  8B 75 08		        mov ESI, [EBP + 8]
 000005F2  33 C9		        xor ECX, ECX
 000005F4  33 D2		        xor EDX, EDX
 000005F6  8B 7D 0C		@S1:    mov EDI, [EBP + 12]
 000005F9  2B F9		        sub EDI, ECX 
 000005FB  57			        push EDI 
				        ;mov EAX, ESI
 000005FC  03 F2		        add ESI, EDX 
 000005FE  56			        push ESI
 000005FF  E8 FFFFFFA4		        call Ptr_to_Min_Date
				        ;outintln 1111
 00000604  66| 8B 18		        mov BX, [EAX]
 00000607  66| 87 1E		        Xchg BX, [ESI];[EDX]
 0000060A  66| 89 18		        mov [EAX], BX
 0000060D  2B F2		        sub ESI, EDX
				        ;outintln 2222
 0000060F  41			        inc ECX
 00000610  83 C2 02		        add EDX, 2
 00000613  8B 7D 0C		        mov EDI, [EBP + 12]
 00000616  4F			        dec EDI
 00000617  3B CF		        cmp ECX, EDI;[EBP + 12]
 00000619  72 DB		        jB @S1 
 0000061B  5F			        pop EDI
 0000061C  58			        pop EAX
 0000061D  5A			        pop EDX 
 0000061E  5B			        pop EBX 
 0000061F  59			        pop ECX 
 00000620  5E			        pop ESI
 00000621  5D			        pop EBP 
 00000622  C2 0008		        ret 4*2 
 00000625			Sort endp
				        exit
				end
Microsoft (R) Macro Assembler Version 6.14.8444		    05/06/19 18:53:08
c:\asm/unit1.asm					     Symbols 2 - 1




Macros:

                N a m e                 Type

??CheckStrToBuf  . . . . . . . .	Proc
??FindESP  . . . . . . . . . . .	Proc
??RestoreReg . . . . . . . . . .	Proc
??SaveReg  . . . . . . . . . . .	Proc
@Random  . . . . . . . . . . . .	Func
@inchar  . . . . . . . . . . . .	Func
@inintln . . . . . . . . . . . .	Func
@inint . . . . . . . . . . . . .	Func
@readkey . . . . . . . . . . . .	Func
ChagePageAttr  . . . . . . . . .	Proc
ClrScr . . . . . . . . . . . . .	Proc
ConsoleMode  . . . . . . . . . .	Proc
ConsoleTitle . . . . . . . . . .	Proc
DOS  . . . . . . . . . . . . . .	Func
DownloadFile . . . . . . . . . .	Proc
GetConsoleTitle  . . . . . . . .	Proc
HeapBlockSize  . . . . . . . . .	Proc
InputStr . . . . . . . . . . . .	Proc
MsgBox . . . . . . . . . . . . .	Proc
NewConsole . . . . . . . . . . .	Proc
OpenFile . . . . . . . . . . . .	Proc
OutFlags . . . . . . . . . . . .	Proc
Randomize  . . . . . . . . . . .	Proc
RunExe . . . . . . . . . . . . .	Proc
SetScreenSize  . . . . . . . . .	Proc
SetTextAttr  . . . . . . . . . .	Proc
TotalHeapAllocated . . . . . . .	Proc
WhereX . . . . . . . . . . . . .	Proc
WhereY . . . . . . . . . . . . .	Proc
dispose  . . . . . . . . . . . .	Proc
exit . . . . . . . . . . . . . .	Proc
flush  . . . . . . . . . . . . .	Proc
gotoXY . . . . . . . . . . . . .	Proc
inchar . . . . . . . . . . . . .	Proc
inintln  . . . . . . . . . . . .	Proc
inint  . . . . . . . . . . . . .	Proc
newline  . . . . . . . . . . . .	Proc
new  . . . . . . . . . . . . . .	Proc
outcharln  . . . . . . . . . . .	Proc
outchar  . . . . . . . . . . . .	Proc
outdateln  . . . . . . . . . . .	Proc
outdate  . . . . . . . . . . . .	Proc
outintln . . . . . . . . . . . .	Proc
outint . . . . . . . . . . . . .	Proc
outnumln . . . . . . . . . . . .	Proc
outnum . . . . . . . . . . . . .	Proc
outstrln . . . . . . . . . . . .	Proc
outstr . . . . . . . . . . . . .	Proc
outtimeln  . . . . . . . . . . .	Proc
outtime  . . . . . . . . . . . .	Proc
outwordln  . . . . . . . . . . .	Proc
outword  . . . . . . . . . . . .	Proc
pause  . . . . . . . . . . . . .	Proc
readkey  . . . . . . . . . . . .	Proc


Structures and Unions:

                N a m e                  Size
                                         Offset      Type

CONSOLE_SCREEN_BUFFER_INFO . . .	 00000016
  dwSize . . . . . . . . . . . .	 00000000	 DWord
  dwCursorPosition . . . . . . .	 00000004	 DWord
  wAttributes  . . . . . . . . .	 00000008	 Word
  srWindow . . . . . . . . . . .	 0000000A	 QWord
  dwMaximumWindowSize  . . . . .	 00000012	 DWord
COORD  . . . . . . . . . . . . .	 00000004
  x  . . . . . . . . . . . . . .	 00000000	 Word
  y  . . . . . . . . . . . . . .	 00000002	 Word
Date_unpack  . . . . . . . . . .	 00000003
  D  . . . . . . . . . . . . . .	 00000000	 Byte
  M  . . . . . . . . . . . . . .	 00000001	 Byte
  Y  . . . . . . . . . . . . . .	 00000002	 Byte
SMALL_RECT . . . . . . . . . . .	 00000008
  Left . . . . . . . . . . . . .	 00000000	 Word
  Top  . . . . . . . . . . . . .	 00000002	 Word
  Right  . . . . . . . . . . . .	 00000004	 Word
  Bottom . . . . . . . . . . . .	 00000006	 Word
SystemTime . . . . . . . . . . .	 00000010
  wYear  . . . . . . . . . . . .	 00000000	 Word
  wMonth . . . . . . . . . . . .	 00000002	 Word
  wDayOfWeek . . . . . . . . . .	 00000004	 Word
  wDay . . . . . . . . . . . . .	 00000006	 Word
  wHour  . . . . . . . . . . . .	 00000008	 Word
  wMinute  . . . . . . . . . . .	 0000000A	 Word
  wSecond  . . . . . . . . . . .	 0000000C	 Word
  wMilliseconds  . . . . . . . .	 0000000E	 Word


Records:

                N a m e                  Width     # fields
                                         Shift     Width     Mask      Initial

Date_pack  . . . . . . . . . . .	 00000010      00000003
  D  . . . . . . . . . . . . . .	 0000000B      00000005	     F800     ?
  M  . . . . . . . . . . . . . .	 00000007      00000004	     0780     ?
  Y  . . . . . . . . . . . . . .	 00000000      00000007	     007F     ?


Types:

                N a m e                  Size     Attr

c_msvcrt . . . . . . . . . . . .	 00000004     CODE 


Segments and Groups:

                N a m e                 Size     Length   Align   Combine Class

FLAT . . . . . . . . . . . . . .	GROUP
STACK  . . . . . . . . . . . . .	32 Bit	 00001000 Para	  Stack	  'STACK'	 
_DATA  . . . . . . . . . . . . .	32 Bit	 00000825 Para	  Public  'DATA'	
_TEXT  . . . . . . . . . . . . .	32 Bit	 0000062D Para	  Public  'CODE'	


Procedures,  parameters and locals:

                N a m e                 Type     Value    Attr

CharToOemA . . . . . . . . . . .	P Near	 00000000 FLAT	Length= 00000000 External STDCALL
ClearScreen  . . . . . . . . . .	P Near	 00000000 FLAT	Length= 00000000 External STDCALL
CloseHandle  . . . . . . . . . .	P Near	 00000000 FLAT	Length= 00000000 External STDCALL
CreateFileA  . . . . . . . . . .	P Near	 00000000 FLAT	Length= 00000000 External STDCALL
ExitProcess  . . . . . . . . . .	P Near	 00000000 FLAT	Length= 00000000 External STDCALL
GetCommandLineA  . . . . . . . .	P Near	 00000000 FLAT	Length= 00000000 External STDCALL
GetConsoleScreenBufferInfo . . .	P Near	 00000000 FLAT	Length= 00000000 External STDCALL
GetConsoleTitleA . . . . . . . .	P Near	 00000000 FLAT	Length= 00000000 External STDCALL
GetModuleHandleA . . . . . . . .	P Near	 00000000 FLAT	Length= 00000000 External STDCALL
GetStdHandle . . . . . . . . . .	P Near	 00000000 FLAT	Length= 00000000 External STDCALL
GetSystemMetrics . . . . . . . .	P Near	 00000000 FLAT	Length= 00000000 External STDCALL
GetSystemTime  . . . . . . . . .	P Near	 00000000 FLAT	Length= 00000000 External STDCALL
GetTickCount . . . . . . . . . .	P Near	 00000000 FLAT	Length= 00000000 External STDCALL
GlobalAlloc  . . . . . . . . . .	P Near	 00000000 FLAT	Length= 00000000 External STDCALL
GlobalFree . . . . . . . . . . .	P Near	 00000000 FLAT	Length= 00000000 External STDCALL
GlobalSize . . . . . . . . . . .	P Near	 00000000 FLAT	Length= 00000000 External STDCALL
In_Rec . . . . . . . . . . . . .	P Near	 00000000 _TEXT	Length= 0000004F Public STDCALL
InternetGetConnectedState  . . .	P Near	 00000000 FLAT	Length= 00000000 External STDCALL
Less . . . . . . . . . . . . . .	P Near	 0000029C _TEXT	Length= 0000005F Public STDCALL
  @fin . . . . . . . . . . . . .	L Near	 000002F3 _TEXT	
MessageBoxA  . . . . . . . . . .	P Near	 00000000 FLAT	Length= 00000000 External STDCALL
MessageBoxIndirectA  . . . . . .	P Near	 00000000 FLAT	Length= 00000000 External STDCALL
Min_Date . . . . . . . . . . . .	P Near	 000002FB _TEXT	Length= 00000039 Public STDCALL
  @LL1 . . . . . . . . . . . . .	L Near	 0000030E _TEXT	
Out_Rec  . . . . . . . . . . . .	P Near	 0000004F _TEXT	Length= 0000024D Public STDCALL
  ??000C . . . . . . . . . . . .	L Near	 00000082 _TEXT	
  ??000D . . . . . . . . . . . .	L Near	 000000B8 _TEXT	
  @skip1 . . . . . . . . . . . .	L Near	 000000C2 _TEXT	
  ??0021 . . . . . . . . . . . .	L Near	 000000F6 _TEXT	
  ??0022 . . . . . . . . . . . .	L Near	 0000012C _TEXT	
  ??0029 . . . . . . . . . . . .	L Near	 00000163 _TEXT	
  ??002A . . . . . . . . . . . .	L Near	 00000199 _TEXT	
  @skip2 . . . . . . . . . . . .	L Near	 000001A3 _TEXT	
  ??003E . . . . . . . . . . . .	L Near	 000001D8 _TEXT	
  ??003F . . . . . . . . . . . .	L Near	 0000020E _TEXT	
  ??0046 . . . . . . . . . . . .	L Near	 0000023E _TEXT	
  ??0047 . . . . . . . . . . . .	L Near	 00000274 _TEXT	
  @skip3 . . . . . . . . . . . .	L Near	 0000027E _TEXT	
Out_Struc  . . . . . . . . . . .	P Near	 0000036A _TEXT	Length= 0000023E Public STDCALL
  ??005B . . . . . . . . . . . .	L Near	 00000394 _TEXT	
  ??005C . . . . . . . . . . . .	L Near	 000003CA _TEXT	
  @skir1 . . . . . . . . . . . .	L Near	 000003D4 _TEXT	
  ??0070 . . . . . . . . . . . .	L Near	 00000408 _TEXT	
  ??0071 . . . . . . . . . . . .	L Near	 0000043E _TEXT	
  ??0078 . . . . . . . . . . . .	L Near	 0000046E _TEXT	
  ??0079 . . . . . . . . . . . .	L Near	 000004A4 _TEXT	
  @skir2 . . . . . . . . . . . .	L Near	 000004AE _TEXT	
  ??008D . . . . . . . . . . . .	L Near	 000004E3 _TEXT	
  ??008E . . . . . . . . . . . .	L Near	 00000519 _TEXT	
  ??0095 . . . . . . . . . . . .	L Near	 00000549 _TEXT	
  ??0096 . . . . . . . . . . . .	L Near	 0000057F _TEXT	
  @skir3 . . . . . . . . . . . .	L Near	 00000589 _TEXT	
Ptr_to_Min_Date  . . . . . . . .	P Near	 000005A8 _TEXT	Length= 0000003E Public STDCALL
  @LL2 . . . . . . . . . . . . .	L Near	 000005BE _TEXT	
Rec_to_Struc . . . . . . . . . .	P Near	 00000334 _TEXT	Length= 00000036 Public STDCALL
SetConsoleCursorPosition . . . .	P Near	 00000000 FLAT	Length= 00000000 External STDCALL
SetConsoleScreenBufferSize . . .	P Near	 00000000 FLAT	Length= 00000000 External STDCALL
SetConsoleTextAttribute  . . . .	P Near	 00000000 FLAT	Length= 00000000 External STDCALL
SetConsoleTitleA . . . . . . . .	P Near	 00000000 FLAT	Length= 00000000 External STDCALL
Sleep  . . . . . . . . . . . . .	P Near	 00000000 FLAT	Length= 00000000 External STDCALL
Sort . . . . . . . . . . . . . .	P Near	 000005E6 _TEXT	Length= 0000003F Public STDCALL
  @S1  . . . . . . . . . . . . .	L Near	 000005F6 _TEXT	
StdIn  . . . . . . . . . . . . .	P Near	 00000000 FLAT	Length= 00000000 External STDCALL
StdOut . . . . . . . . . . . . .	P Near	 00000000 FLAT	Length= 00000000 External STDCALL
URLDownloadToFileA . . . . . . .	P Near	 00000000 FLAT	Length= 00000000 External STDCALL
VirtualProtect . . . . . . . . .	P Near	 00000000 FLAT	Length= 00000000 External STDCALL
nrandom  . . . . . . . . . . . .	P Near	 00000000 FLAT	Length= 00000000 External STDCALL
nseed  . . . . . . . . . . . . .	P Near	 00000000 FLAT	Length= 00000000 External STDCALL
shell_ex . . . . . . . . . . . .	P Near	 00000000 FLAT	Length= 00000000 External STDCALL
shell  . . . . . . . . . . . . .	P Near	 00000000 FLAT	Length= 00000000 External STDCALL
wait_key . . . . . . . . . . . .	P Near	 00000000 FLAT	Length= 00000000 External STDCALL


Symbols:

                N a m e                 Type     Value    Attr

??0001 . . . . . . . . . . . . .	DWord	 00000019 _DATA	
??0002 . . . . . . . . . . . . .	Number	 00000002h   
??0003 . . . . . . . . . . . . .	DWord	 0000001D _DATA	
??0004 . . . . . . . . . . . . .	Number	 00000002h   
??0005 . . . . . . . . . . . . .	DWord	 00000021 _DATA	
??0006 . . . . . . . . . . . . .	Number	 00000000h   
??0007 . . . . . . . . . . . . .	Byte	 00000025 _DATA	
??0009 . . . . . . . . . . . . .	Byte	 00000028 _DATA	
??000A . . . . . . . . . . . . .	Text   	 o
??000B . . . . . . . . . . . . .	Byte	 00000027 _DATA	
??000E . . . . . . . . . . . . .	Number	 00000001h   
??000F . . . . . . . . . . . . .	Number	 00000002h   
??0010 . . . . . . . . . . . . .	Number	 00000000h   
??0011 . . . . . . . . . . . . .	Byte	 000000F0 _DATA	
??0019 . . . . . . . . . . . . .	Number	 00000004h   
??001B . . . . . . . . . . . . .	Number	 00000000h   
??001C . . . . . . . . . . . . .	Byte	 000000F3 _DATA	
??001E . . . . . . . . . . . . .	Byte	 000000F6 _DATA	
??001F . . . . . . . . . . . . .	Text   	 o
??0020 . . . . . . . . . . . . .	Byte	 000000F5 _DATA	
??0023 . . . . . . . . . . . . .	Number	 00000000h   
??0024 . . . . . . . . . . . . .	Byte	 000001BE _DATA	
??0026 . . . . . . . . . . . . .	Byte	 000001C1 _DATA	
??0027 . . . . . . . . . . . . .	Text   	 o
??0028 . . . . . . . . . . . . .	Byte	 000001C0 _DATA	
??002B . . . . . . . . . . . . .	Number	 00000000h   
??002C . . . . . . . . . . . . .	Number	 00000001h   
??002D . . . . . . . . . . . . .	Number	 00000000h   
??002E . . . . . . . . . . . . .	Byte	 00000289 _DATA	
??0036 . . . . . . . . . . . . .	Number	 00000002h   
??0038 . . . . . . . . . . . . .	Number	 00000000h   
??0039 . . . . . . . . . . . . .	Byte	 0000028C _DATA	
??003B . . . . . . . . . . . . .	Byte	 0000028F _DATA	
??003C . . . . . . . . . . . . .	Text   	 o
??003D . . . . . . . . . . . . .	Byte	 0000028E _DATA	
??0040 . . . . . . . . . . . . .	Number	 00000000h   
??0041 . . . . . . . . . . . . .	Byte	 00000357 _DATA	
??0043 . . . . . . . . . . . . .	Byte	 0000035A _DATA	
??0044 . . . . . . . . . . . . .	Text   	 o
??0045 . . . . . . . . . . . . .	Byte	 00000359 _DATA	
??0048 . . . . . . . . . . . . .	Number	 00000001h   
??0049 . . . . . . . . . . . . .	Number	 00000002h   
??004A . . . . . . . . . . . . .	Number	 00000000h   
??004B . . . . . . . . . . . . .	Byte	 00000422 _DATA	
??0053 . . . . . . . . . . . . .	Number	 00000004h   
??0055 . . . . . . . . . . . . .	Number	 00000000h   
??0056 . . . . . . . . . . . . .	Byte	 00000425 _DATA	
??0058 . . . . . . . . . . . . .	Byte	 00000428 _DATA	
??0059 . . . . . . . . . . . . .	Text   	 o
??005A . . . . . . . . . . . . .	Byte	 00000427 _DATA	
??005D . . . . . . . . . . . . .	Number	 00000001h   
??005E . . . . . . . . . . . . .	Number	 00000002h   
??005F . . . . . . . . . . . . .	Number	 00000000h   
??0060 . . . . . . . . . . . . .	Byte	 000004F0 _DATA	
??0068 . . . . . . . . . . . . .	Number	 00000004h   
??006A . . . . . . . . . . . . .	Number	 00000000h   
??006B . . . . . . . . . . . . .	Byte	 000004F3 _DATA	
??006D . . . . . . . . . . . . .	Byte	 000004F6 _DATA	
??006E . . . . . . . . . . . . .	Text   	 o
??006F . . . . . . . . . . . . .	Byte	 000004F5 _DATA	
??0072 . . . . . . . . . . . . .	Number	 00000000h   
??0073 . . . . . . . . . . . . .	Byte	 000005BE _DATA	
??0075 . . . . . . . . . . . . .	Byte	 000005C1 _DATA	
??0076 . . . . . . . . . . . . .	Text   	 o
??0077 . . . . . . . . . . . . .	Byte	 000005C0 _DATA	
??007A . . . . . . . . . . . . .	Number	 00000000h   
??007B . . . . . . . . . . . . .	Number	 00000001h   
??007C . . . . . . . . . . . . .	Number	 00000000h   
??007D . . . . . . . . . . . . .	Byte	 00000689 _DATA	
??0085 . . . . . . . . . . . . .	Number	 00000002h   
??0087 . . . . . . . . . . . . .	Number	 00000000h   
??0088 . . . . . . . . . . . . .	Byte	 0000068C _DATA	
??008A . . . . . . . . . . . . .	Byte	 0000068F _DATA	
??008B . . . . . . . . . . . . .	Text   	 o
??008C . . . . . . . . . . . . .	Byte	 0000068E _DATA	
??008F . . . . . . . . . . . . .	Number	 00000000h   
??0090 . . . . . . . . . . . . .	Byte	 00000757 _DATA	
??0092 . . . . . . . . . . . . .	Byte	 0000075A _DATA	
??0093 . . . . . . . . . . . . .	Text   	 o
??0094 . . . . . . . . . . . . .	Byte	 00000759 _DATA	
??0097 . . . . . . . . . . . . .	Number	 00000001h   
??0098 . . . . . . . . . . . . .	Number	 00000002h   
??0099 . . . . . . . . . . . . .	Number	 00000000h   
??009A . . . . . . . . . . . . .	Byte	 00000822 _DATA	
??00A2 . . . . . . . . . . . . .	Number	 00000004h   
??CommonHeapElemSize . . . . . .	DWord	 00000004 _DATA	
??ConsoleMode  . . . . . . . . .	Byte	 00000008 _DATA	
??TotalHeapAllocated . . . . . .	DWord	 00000000 _DATA	
??sTime  . . . . . . . . . . . .	SystemTime  00000009 _DATA	
@CodeSize  . . . . . . . . . . .	Number	 00000000h   
@DOS . . . . . . . . . . . . . .	Text   	 DOS
@DataSize  . . . . . . . . . . .	Number	 00000000h   
@INCHAR  . . . . . . . . . . . .	Text   	 @inchar
@ININTLN . . . . . . . . . . . .	Text   	 @inintln
@ININT . . . . . . . . . . . . .	Text   	 @inint
@InChar  . . . . . . . . . . . .	Text   	 @inchar
@InInt . . . . . . . . . . . . .	Text   	 @inint
@Inchar  . . . . . . . . . . . .	Text   	 @inchar
@InintLn . . . . . . . . . . . .	Text   	 @inintln
@Inintln . . . . . . . . . . . .	Text   	 @inintln
@Inint . . . . . . . . . . . . .	Text   	 @inint
@Interface . . . . . . . . . . .	Number	 00000003h   
@Model . . . . . . . . . . . . .	Number	 00000007h   
@READKEY . . . . . . . . . . . .	Text   	 @readkey
@ReadKey . . . . . . . . . . . .	Text   	 @readkey
@code  . . . . . . . . . . . . .	Text   	 _TEXT
@data  . . . . . . . . . . . . .	Text   	 FLAT
@dos . . . . . . . . . . . . . .	Text   	 DOS
@fardata?  . . . . . . . . . . .	Text   	 FLAT
@fardata . . . . . . . . . . . .	Text   	 FLAT
@random  . . . . . . . . . . . .	Text   	 @Random
@stack . . . . . . . . . . . . .	Text   	 FLAT
AllocConsole@0 . . . . . . . . .	L Near	 00000000 FLAT	External STDCALL
Black  . . . . . . . . . . . . .	Number	 00000000h   
Blue . . . . . . . . . . . . . .	Number	 00000001h   
Bright . . . . . . . . . . . . .	Number	 00000008h   
Brown  . . . . . . . . . . . . .	Number	 00000006h   
CLRSCR . . . . . . . . . . . . .	Text   	 ClrScr
CREATE_ALWAYS  . . . . . . . . .	Number	 00000002h   
CREATE_NEW . . . . . . . . . . .	Number	 00000001h   
CharToOem  . . . . . . . . . . .	Text   	 CharToOemA
Cls  . . . . . . . . . . . . . .	Text   	 ClrScr
CreateFile . . . . . . . . . . .	Text   	 CreateFileA
Cyan . . . . . . . . . . . . . .	Number	 00000003h   
DISPOSE  . . . . . . . . . . . .	Text   	 dispose
DarkGray . . . . . . . . . . . .	Number	 00000008h   
Dispose  . . . . . . . . . . . .	Text   	 dispose
EXIT . . . . . . . . . . . . . .	Text   	 exit
Exit . . . . . . . . . . . . . .	Text   	 exit
FILE_ATTRIBUTE_ARCHIVE . . . . .	Number	 00000020h   
FILE_ATTRIBUTE_COMPRESSED  . . .	Number	 00000800h   
FILE_ATTRIBUTE_DIRECTORY . . . .	Number	 00000010h   
FILE_ATTRIBUTE_HIDDEN  . . . . .	Number	 00000002h   
FILE_ATTRIBUTE_NORMAL  . . . . .	Number	 00000080h   
FILE_ATTRIBUTE_READONLY  . . . .	Number	 00000001h   
FILE_ATTRIBUTE_SYSTEM  . . . . .	Number	 00000004h   
FILE_ATTRIBUTE_TEMPORARY . . . .	Number	 00000100h   
FLUSH  . . . . . . . . . . . . .	Text   	 flush
Flush  . . . . . . . . . . . . .	Text   	 flush
FreeConsole@0  . . . . . . . . .	L Near	 00000000 FLAT	External STDCALL
GENERIC_ALL  . . . . . . . . . .	Number	 10000000h   
GENERIC_EXECUTE  . . . . . . . .	Number	 20000000h   
GENERIC_READ . . . . . . . . . .	Number	 -80000000h   
GENERIC_WRITE  . . . . . . . . .	Number	 40000000h   
GMEM_FIXED . . . . . . . . . . .	Number	 00000000h   
GMEM_ZEROINIT  . . . . . . . . .	Number	 00000040h   
GOTOXY . . . . . . . . . . . . .	Text   	 gotoXY
GetCommandLine . . . . . . . . .	Text   	 GetCommandLineA
GetModuleHandle  . . . . . . . .	Text   	 GetModuleHandleA
GotoXY . . . . . . . . . . . . .	Text   	 gotoXY
Green  . . . . . . . . . . . . .	Number	 00000002h   
IDABORT  . . . . . . . . . . . .	Number	 00000003h   
IDCANCEL . . . . . . . . . . . .	Number	 00000002h   
IDIGNORE . . . . . . . . . . . .	Number	 00000005h   
IDNO . . . . . . . . . . . . . .	Number	 00000007h   
IDOK . . . . . . . . . . . . . .	Number	 00000001h   
IDRETRY  . . . . . . . . . . . .	Number	 00000004h   
IDYES  . . . . . . . . . . . . .	Number	 00000006h   
INCHAR . . . . . . . . . . . . .	Text   	 inchar
ININTLN  . . . . . . . . . . . .	Text   	 inintln
ININT  . . . . . . . . . . . . .	Text   	 inint
INPUTSTR . . . . . . . . . . . .	Text   	 InputStr
InChar . . . . . . . . . . . . .	Text   	 inchar
InInt  . . . . . . . . . . . . .	Text   	 inint
Inchar . . . . . . . . . . . . .	Text   	 inchar
InintLn  . . . . . . . . . . . .	Text   	 inintln
Inintln  . . . . . . . . . . . .	Text   	 inintln
Inint  . . . . . . . . . . . . .	Text   	 inint
LANG_NEUTRAL . . . . . . . . . .	Number	 00000000h   
LightBlue  . . . . . . . . . . .	Number	 00000009h   
LightGray  . . . . . . . . . . .	Number	 00000007h   
LightGreen . . . . . . . . . . .	Number	 0000000Ah   
LightMagenta . . . . . . . . . .	Number	 0000000Dh   
LightRed . . . . . . . . . . . .	Number	 0000000Ch   
MB_ABORTRETRYIGNORE  . . . . . .	Number	 00000002h   
MB_CANCELTRYCONTINUE . . . . . .	Number	 00000006h   
MB_DEFBUTTON1  . . . . . . . . .	Number	 00000000h   
MB_DEFBUTTON2  . . . . . . . . .	Number	 00000100h   
MB_DEFBUTTON3  . . . . . . . . .	Number	 00000200h   
MB_DEFBUTTON4  . . . . . . . . .	Number	 00000300h   
MB_HELP  . . . . . . . . . . . .	Number	 00004000h   
MB_ICONASTERISK  . . . . . . . .	Number	 00000040h   
MB_ICONEXCLAMATION . . . . . . .	Number	 00000030h   
MB_ICONHAND  . . . . . . . . . .	Number	 00000008h   
MB_ICONQUESTION  . . . . . . . .	Number	 00000020h   
MB_ICONSTOP  . . . . . . . . . .	Number	 00000010h   
MB_OKCANCEL  . . . . . . . . . .	Number	 00000001h   
MB_OK  . . . . . . . . . . . . .	Number	 00000000h   
MB_RETRYCANCEL . . . . . . . . .	Number	 00000005h   
MB_RIGHT . . . . . . . . . . . .	Number	 00080000h   
MB_SYSTEMMODAL . . . . . . . . .	Number	 00001000h   
MB_USERICON  . . . . . . . . . .	Number	 00000080h   
MB_YESNOCANCEL . . . . . . . . .	Number	 00000003h   
MB_YESNO . . . . . . . . . . . .	Number	 00000004h   
MSGBOX . . . . . . . . . . . . .	Text   	 MsgBox
Magenta  . . . . . . . . . . . .	Number	 00000005h   
MessageBoxIndirect . . . . . . .	Text   	 MessageBoxIndirectA
MessageBox . . . . . . . . . . .	Text   	 MessageBoxA
NEWLINE  . . . . . . . . . . . .	Text   	 newline
NEW  . . . . . . . . . . . . . .	Text   	 new
NULL . . . . . . . . . . . . . .	Number	 00000000h   
NewLine  . . . . . . . . . . . .	Text   	 newline
Newline  . . . . . . . . . . . .	Text   	 newline
New  . . . . . . . . . . . . . .	Text   	 new
OPEN_ALWAYS  . . . . . . . . . .	Number	 00000004h   
OPEN_EXISTING  . . . . . . . . .	Number	 00000003h   
OUTCHARLN  . . . . . . . . . . .	Text   	 outcharln
OUTCHAR  . . . . . . . . . . . .	Text   	 outchar
OUTCLN . . . . . . . . . . . . .	Text   	 outcharln
OUTC . . . . . . . . . . . . . .	Text   	 outchar
OUTDATELN  . . . . . . . . . . .	Text   	 outdateln
OUTDATE  . . . . . . . . . . . .	Text   	 outdate
OUTINTLN . . . . . . . . . . . .	Text   	 outintln
OUTINT . . . . . . . . . . . . .	Text   	 outint
OUTI . . . . . . . . . . . . . .	Text   	 outint
OUTSTRLN . . . . . . . . . . . .	Text   	 outstrln
OUTSTR . . . . . . . . . . . . .	Text   	 outstr
OUTTIMELN  . . . . . . . . . . .	Text   	 outtimeln
OUTTIME  . . . . . . . . . . . .	Text   	 outtime
OUTWORDLN  . . . . . . . . . . .	Text   	 outwordln
OUTWORD  . . . . . . . . . . . .	Text   	 outword
OutCharLn  . . . . . . . . . . .	Text   	 outcharln
OutCharln  . . . . . . . . . . .	Text   	 outcharln
OutChar  . . . . . . . . . . . .	Text   	 outchar
OutDateLn  . . . . . . . . . . .	Text   	 outdateln
OutDateln  . . . . . . . . . . .	Text   	 outdateln
OutDate  . . . . . . . . . . . .	Text   	 outdate
OutILn . . . . . . . . . . . . .	Text   	 outintln
OutIln . . . . . . . . . . . . .	Text   	 outintln
OutIntLn . . . . . . . . . . . .	Text   	 outintln
OutInt . . . . . . . . . . . . .	Text   	 outint
OutI . . . . . . . . . . . . . .	Text   	 outint
OutNumLn . . . . . . . . . . . .	Text   	 outnumln
OutNumln . . . . . . . . . . . .	Text   	 outnumln
OutNum . . . . . . . . . . . . .	Text   	 outnum
OutStrLn . . . . . . . . . . . .	Text   	 outstrln
OutStr . . . . . . . . . . . . .	Text   	 outstr
OutTimeLn  . . . . . . . . . . .	Text   	 outtimeln
OutTimeln  . . . . . . . . . . .	Text   	 outtimeln
OutTime  . . . . . . . . . . . .	Text   	 outtime
OutULn . . . . . . . . . . . . .	Text   	 outwordln
OutUln . . . . . . . . . . . . .	Text   	 outwordln
OutUnsignedLn  . . . . . . . . .	Text   	 outwordln
OutUnsignedln  . . . . . . . . .	Text   	 outwordln
OutUnsigned  . . . . . . . . . .	Text   	 outword
OutU . . . . . . . . . . . . . .	Text   	 outword
OutWordLn  . . . . . . . . . . .	Text   	 outwordln
OutWord  . . . . . . . . . . . .	Text   	 outword
OutintLn . . . . . . . . . . . .	Text   	 outintln
Outintln . . . . . . . . . . . .	Text   	 outintln
Outint . . . . . . . . . . . . .	Text   	 outint
OutstrLn . . . . . . . . . . . .	Text   	 outstrln
OutwordLn  . . . . . . . . . . .	Text   	 outwordln
Outword  . . . . . . . . . . . .	Text   	 outword
PAGE_EXECUTE_READWRITE . . . . .	Number	 00000040h   
PAGE_EXECUTE_READ  . . . . . . .	Number	 00000020h   
PAGE_EXECUTE_WRITECOPY . . . . .	Number	 00000080h   
PAGE_EXECUTE . . . . . . . . . .	Number	 00000010h   
PAGE_NOACCESS  . . . . . . . . .	Number	 00000001h   
PAGE_READONLY  . . . . . . . . .	Number	 00000002h   
PAGE_READWRITE . . . . . . . . .	Number	 00000004h   
PAGE_WRITECOPY . . . . . . . . .	Number	 00000008h   
PAUSE  . . . . . . . . . . . . .	Text   	 pause
Pause  . . . . . . . . . . . . .	Text   	 pause
READKEY  . . . . . . . . . . . .	Text   	 readkey
ReadKey  . . . . . . . . . . . .	Text   	 readkey
Red  . . . . . . . . . . . . . .	Number	 00000004h   
STD_ERROR_HANDLE . . . . . . . .	Number	 -0000000Ch   
STD_INPUT_HANDLE . . . . . . . .	Number	 -0000000Ah   
STD_OUTPUT_HANDLE  . . . . . . .	Number	 -0000000Bh   
SetConsoleTitle  . . . . . . . .	Text   	 SetConsoleTitleA
TRUNCATE_EXISTING  . . . . . . .	Number	 00000005h   
URLDownloadToFile  . . . . . . .	Text   	 URLDownloadToFileA
White  . . . . . . . . . . . . .	Number	 0000000Fh   
Yellow . . . . . . . . . . . . .	Number	 0000000Eh   
_imp__printf . . . . . . . . . .	DWord	 00000000 FLAT	External STDCALL
_imp__sprintf  . . . . . . . . .	DWord	 00000000 FLAT	External STDCALL
black  . . . . . . . . . . . . .	Number	 00000000h   
blue . . . . . . . . . . . . . .	Number	 00000001h   
bright . . . . . . . . . . . . .	Number	 00000008h   
brown  . . . . . . . . . . . . .	Number	 00000006h   
clrscr . . . . . . . . . . . . .	Text   	 ClrScr
crt_printf . . . . . . . . . . .	Text   	 _imp__printf
crt_sprintf  . . . . . . . . . .	Text   	 _imp__sprintf
cyan . . . . . . . . . . . . . .	Number	 00000003h   
darkgray . . . . . . . . . . . .	Number	 00000008h   
dos  . . . . . . . . . . . . . .	Text   	 DOS
downloadfile . . . . . . . . . .	Text   	 DownloadFile
gotoxy . . . . . . . . . . . . .	Text   	 gotoXY
green  . . . . . . . . . . . . .	Number	 00000002h   
heapblocksize  . . . . . . . . .	Text   	 HeapBlockSize
inint_proc@0 . . . . . . . . . .	L Near	 00000000 FLAT	External STDCALL
inputstr . . . . . . . . . . . .	Text   	 InputStr
lightblue  . . . . . . . . . . .	Number	 00000009h   
lightgray  . . . . . . . . . . .	Number	 00000007h   
lightgreen . . . . . . . . . . .	Number	 0000000Ah   
lightmagenta . . . . . . . . . .	Number	 0000000Dh   
lightred . . . . . . . . . . . .	Number	 0000000Ch   
magenta  . . . . . . . . . . . .	Number	 00000005h   
msgbox . . . . . . . . . . . . .	Text   	 MsgBox
nil  . . . . . . . . . . . . . .	DWord 	 00000000h   
outintLn . . . . . . . . . . . .	Text   	 outintln
outi . . . . . . . . . . . . . .	Text   	 outint
outwordLn  . . . . . . . . . . .	Text   	 outwordln
randomize  . . . . . . . . . . .	Text   	 Randomize
red  . . . . . . . . . . . . . .	Number	 00000004h   
settextattr  . . . . . . . . . .	Text   	 SetTextAttr
whereX . . . . . . . . . . . . .	Text   	 WhereX
whereY . . . . . . . . . . . . .	Text   	 WhereY
wherex . . . . . . . . . . . . .	Text   	 WhereX
wherey . . . . . . . . . . . . .	Text   	 WhereY
white  . . . . . . . . . . . . .	Number	 0000000Fh   
yellow . . . . . . . . . . . . .	Number	 0000000Eh   

	   0 Warnings
	   0 Errors
